2019-05-21 14:23:29,278 : INFO : Machine : Mission Pinball Framework Core Engine v0.53.0-dev.16
2019-05-21 14:23:29,279 : INFO : Machine : Command line arguments: {'no_load_cache': False, 'create_config_cache': True, 'bcp': True, 'configfile': ['config.yaml'], 'mpfconfigfile': 'c:\\users\\wilder\\appdata\\local\\programs\\python\\python36\\lib\\site-packages\\mpf\\mpfconfig.yaml', 'force_assets_load': False, 'jsonlogging': False, 'logfile': 'logs\\2019-05-21-14-23-29-mpf-RedTunic.log', 'pause': False, 'production': False, 'text_ui': True, 'loglevel': 10, 'consoleloglevel': 20, 'force_platform': 'virtual', 'syslog_address': None, 'mc_file_name': None, 'no_sound': False}
2019-05-21 14:23:29,279 : INFO : Machine : MPF path: c:\users\wilder\appdata\local\programs\python\python36\lib\site-packages\mpf
2019-05-21 14:23:29,279 : INFO : Machine : Machine path: C:\Users\Wilder\zelda
2019-05-21 14:23:29,279 : INFO : Machine : Platform: win32
2019-05-21 14:23:29,279 : INFO : Machine : Python executable location: c:\users\wilder\appdata\local\programs\python\python36\python.exe
2019-05-21 14:23:29,280 : INFO : Machine : Python version: 3.6.4 (64-bit)
2019-05-21 14:23:29,280 : INFO : Machine : Machine config file #1: config.yaml
2019-05-21 14:23:29,282 : INFO : ConfigProcessor : Loading config from cache: C:\Users\Wilder\AppData\Local\Temp\9bf880992bc5b85aa1bd2cc37b214e56.mpf_cache
2019-05-21 14:23:29,285 : DEBUG : asyncio : Using selector: SelectSelector
2019-05-21 14:23:29,287 : INFO : Machine : Initialise MPF.
2019-05-21 14:23:29,328 : DEBUG : Virtual Platform : Configuring virtual hardware interface.
2019-05-21 14:23:29,527 : INFO : EventManager : Event: ======'machine_var_credits_string'====== Args={'value': 'FREE PLAY', 'prev_value': None, 'change': True}
2019-05-21 14:23:29,595 : DEBUG : YAML File Interface : Loading file: C:\Users\Wilder\zelda\data/machine_vars.yaml
2019-05-21 14:23:29,598 : INFO : EventManager : Event: ======'machine_var_player1_score'====== Args={'value': 226, 'prev_value': None, 'change': True}
2019-05-21 14:23:29,599 : INFO : EventManager : Event: ======'machine_var_player2_score'====== Args={'value': 94, 'prev_value': None, 'change': True}
2019-05-21 14:23:29,599 : INFO : EventManager : Event: ======'machine_var_mpf_version'====== Args={'value': 'MPF v0.53.0-dev.16', 'prev_value': None, 'change': True}
2019-05-21 14:23:29,599 : INFO : EventManager : Event: ======'machine_var_mpf_extended_version'====== Args={'value': 'MPF v0.53.0-dev.16, Config version:5, Show version: 5, BCP version:1.1', 'prev_value': None, 'change': True}
2019-05-21 14:23:29,599 : INFO : EventManager : Event: ======'machine_var_python_version'====== Args={'value': '3.6.4', 'prev_value': None, 'change': True}
2019-05-21 14:23:29,599 : INFO : EventManager : Event: ======'machine_var_platform'====== Args={'value': 'Windows-7-6.1.7601-SP1', 'prev_value': None, 'change': True}
2019-05-21 14:23:29,599 : INFO : EventManager : Event: ======'machine_var_platform_system'====== Args={'value': 'Windows', 'prev_value': None, 'change': True}
2019-05-21 14:23:29,600 : INFO : EventManager : Event: ======'machine_var_platform_release'====== Args={'value': '7', 'prev_value': None, 'change': True}
2019-05-21 14:23:29,600 : INFO : EventManager : Event: ======'machine_var_platform_version'====== Args={'value': '6.1.7601', 'prev_value': None, 'change': True}
2019-05-21 14:23:29,600 : INFO : EventManager : Event: ======'machine_var_platform_machine'====== Args={'value': 'AMD64', 'prev_value': None, 'change': True}
2019-05-21 14:23:29,600 : INFO : EventManager : Event: ======'init_phase_1'====== Args={}
2019-05-21 14:23:29,661 : INFO : ConfigProcessor : Loading config from cache: C:\Users\Wilder\AppData\Local\Temp\1f8ff34a8859f8c62d77912f33e29b9c.mpf_cache
2019-05-21 14:23:29,666 : DEBUG : ModeController : Loaded mode 2ballqualifier
2019-05-21 14:23:29,667 : INFO : ConfigProcessor : Loading config from cache: C:\Users\Wilder\AppData\Local\Temp\58a9cd5447353eacedab412f1c10b0ab.mpf_cache
2019-05-21 14:23:29,670 : DEBUG : ModeController : Loaded mode lost_woods
2019-05-21 14:23:29,670 : INFO : ConfigProcessor : Loading config from cache: C:\Users\Wilder\AppData\Local\Temp\05768db999abb9e30be16a432a0581c8.mpf_cache
2019-05-21 14:23:29,674 : DEBUG : ModeController : Loaded mode extraball
2019-05-21 14:23:29,674 : INFO : ConfigProcessor : Loading config from cache: C:\Users\Wilder\AppData\Local\Temp\6cbeeb809d9de6fbbf2951c4e6867473.mpf_cache
2019-05-21 14:23:29,678 : DEBUG : ModeController : Loaded mode darkworld
2019-05-21 14:23:29,678 : INFO : ConfigProcessor : Loading config from cache: C:\Users\Wilder\AppData\Local\Temp\a31feedcb4b85bf76d76fe6a1222bc90.mpf_cache
2019-05-21 14:23:29,682 : DEBUG : ModeController : Loaded mode agahnim_multiball
2019-05-21 14:23:29,682 : INFO : ConfigProcessor : Loading config from cache: C:\Users\Wilder\AppData\Local\Temp\b0ee6a771658ae3fb7e70c6d5ff59887.mpf_cache
2019-05-21 14:23:29,691 : DEBUG : ModeController : Loaded mode game
2019-05-21 14:23:29,692 : INFO : ConfigProcessor : Loading config from cache: C:\Users\Wilder\AppData\Local\Temp\cb8b20150020107be74f23a2ee427f56.mpf_cache
2019-05-21 14:23:29,699 : DEBUG : ModeController : Loaded mode high_score
2019-05-21 14:23:29,699 : INFO : ConfigProcessor : Loading config from cache: C:\Users\Wilder\AppData\Local\Temp\562f2c62ffb495bc414930beede29530.mpf_cache
2019-05-21 14:23:29,706 : DEBUG : ModeController : Loaded mode game_ender_mode
2019-05-21 14:23:29,706 : INFO : ConfigProcessor : Loading config from cache: C:\Users\Wilder\AppData\Local\Temp\43a06f52d0e9cf0597140b4c27159d40.mpf_cache
2019-05-21 14:23:29,711 : DEBUG : ModeController : Loaded mode escapehurryup
2019-05-21 14:23:29,712 : INFO : ConfigProcessor : Loading config from cache: C:\Users\Wilder\AppData\Local\Temp\696ab9654b1d369e3597af15c079ad3b.mpf_cache
2019-05-21 14:23:29,715 : DEBUG : ModeController : Loaded mode ganon_battle
2019-05-21 14:23:29,715 : INFO : ConfigProcessor : Loading config from cache: C:\Users\Wilder\AppData\Local\Temp\4afc9f23ca6340163a8bb51d7deea78f.mpf_cache
2019-05-21 14:23:29,719 : DEBUG : ModeController : Loaded mode base
2019-05-21 14:23:29,719 : INFO : ConfigProcessor : Loading config from cache: C:\Users\Wilder\AppData\Local\Temp\6eb8b6e4728e10ce756703e43167d298.mpf_cache
2019-05-21 14:23:29,724 : DEBUG : ModeController : Loaded mode rupee2x_finder
2019-05-21 14:23:29,724 : INFO : ConfigProcessor : Loading config from cache: C:\Users\Wilder\AppData\Local\Temp\da675f6b180b79eecb40cb5eb7f75a18.mpf_cache
2019-05-21 14:23:29,729 : DEBUG : ModeController : Loaded mode bomb_finder
2019-05-21 14:23:29,729 : INFO : ConfigProcessor : Loading config from cache: C:\Users\Wilder\AppData\Local\Temp\916c9e2d9177837f45e9cdbb7c1d0b93.mpf_cache
2019-05-21 14:23:29,734 : DEBUG : ModeController : Loaded mode unusual_show_tracker
2019-05-21 14:23:29,734 : INFO : ConfigProcessor : Loading config from cache: C:\Users\Wilder\AppData\Local\Temp\683810c84ecff8b3923f4991066156d6.mpf_cache
2019-05-21 14:23:29,738 : DEBUG : ModeController : Loaded mode mode_player
2019-05-21 14:23:29,738 : INFO : ConfigProcessor : Loading config from cache: C:\Users\Wilder\AppData\Local\Temp\ee4432fc011abe94968ff81513361e18.mpf_cache
2019-05-21 14:23:29,742 : DEBUG : ModeController : Loaded mode final_hold
2019-05-21 14:23:29,742 : INFO : ConfigProcessor : Loading config from cache: C:\Users\Wilder\AppData\Local\Temp\3485f9bf4bb8d1d21be6de1438e091ba.mpf_cache
2019-05-21 14:23:29,747 : DEBUG : ModeController : Loaded mode skillshot_ballsave
2019-05-21 14:23:29,747 : INFO : ConfigProcessor : Loading config from cache: C:\Users\Wilder\AppData\Local\Temp\27a949ddf2d3e5eeb9247bd991aba200.mpf_cache
2019-05-21 14:23:29,751 : DEBUG : ModeController : Loaded mode darkworld2
2019-05-21 14:23:29,752 : INFO : ConfigProcessor : Loading config from cache: C:\Users\Wilder\AppData\Local\Temp\28e1731e516595966b3afcb08910cb63.mpf_cache
2019-05-21 14:23:29,757 : DEBUG : ModeController : Loaded mode heart_tracker
2019-05-21 14:23:29,758 : INFO : ConfigProcessor : Loading config from cache: C:\Users\Wilder\AppData\Local\Temp\410e2f069e995e601a053ae1f865a8d9.mpf_cache
2019-05-21 14:23:29,768 : DEBUG : ModeController : Loaded mode bonus
2019-05-21 14:23:29,768 : INFO : ConfigProcessor : Loading config from cache: C:\Users\Wilder\AppData\Local\Temp\58664c35241624b07b13025a5964d2a4.mpf_cache
2019-05-21 14:23:29,774 : DEBUG : ModeController : Loaded mode video_player
2019-05-21 14:23:29,775 : INFO : ConfigProcessor : Loading config from cache: C:\Users\Wilder\AppData\Local\Temp\96294a9578657f44941f2a8ec647ae36.mpf_cache
2019-05-21 14:23:29,780 : DEBUG : ModeController : Loaded mode rupee3x_finder
2019-05-21 14:23:29,781 : INFO : ConfigProcessor : Loading config from cache: C:\Users\Wilder\AppData\Local\Temp\072dbb4c30ca18f53440337aa5cd71bd.mpf_cache
2019-05-21 14:23:29,786 : DEBUG : ModeController : Loaded mode light_world
2019-05-21 14:23:29,786 : WARNING : ConfigProcessor : Config file in cache changed: C:\Users\Wilder\zelda\modes\slide_tracker\config\slide_tracker.yaml
2019-05-21 14:23:29,786 : INFO : ConfigProcessor : Loading config from file C:\Users\Wilder\zelda\modes\slide_tracker\config\slide_tracker.yaml.
2019-05-21 14:23:29,787 : DEBUG : YAML File Interface : Loading file: C:\Users\Wilder\zelda\modes\slide_tracker\config\slide_tracker.yaml
2019-05-21 14:23:29,852 : INFO : ConfigProcessor : Loading config: C:\Users\Wilder\zelda\modes\slide_tracker\config\slide_tracker.yaml
2019-05-21 14:23:29,853 : INFO : ConfigProcessor : Config file cache created: C:\Users\Wilder\AppData\Local\Temp\dbd150f896646081271b7a77a791f2fa.mpf_cache
2019-05-21 14:23:29,857 : DEBUG : ModeController : Loaded mode slide_tracker
2019-05-21 14:23:29,857 : INFO : ConfigProcessor : Loading config from cache: C:\Users\Wilder\AppData\Local\Temp\6fd2b5e36bbbd9c12f9ee3aa32f1ceca.mpf_cache
2019-05-21 14:23:29,861 : DEBUG : ModeController : Loaded mode ball_hold_tracker
2019-05-21 14:23:29,861 : INFO : ConfigProcessor : Loading config from cache: C:\Users\Wilder\AppData\Local\Temp\dd39e2de39eb354a1ec99be2f3167765.mpf_cache
2019-05-21 14:23:29,865 : DEBUG : ModeController : Loaded mode heartmeter
2019-05-21 14:23:29,865 : INFO : ConfigProcessor : Loading config from cache: C:\Users\Wilder\AppData\Local\Temp\fc30620fce8f82c18fed051cdde27ef9.mpf_cache
2019-05-21 14:23:29,869 : DEBUG : ModeController : Loaded mode 5waycombotracker
2019-05-21 14:23:29,869 : INFO : ConfigProcessor : Loading config from cache: C:\Users\Wilder\AppData\Local\Temp\aecceeb5afbfdc7257044e8417ebcf98.mpf_cache
2019-05-21 14:23:29,876 : DEBUG : ModeController : Loaded mode attract
2019-05-21 14:23:29,876 : INFO : ConfigProcessor : Loading config from cache: C:\Users\Wilder\AppData\Local\Temp\d9d23a2a9a3117f1553491692ff1c689.mpf_cache
2019-05-21 14:23:29,880 : DEBUG : ModeController : Loaded mode playfield_multiplier
2019-05-21 14:23:29,880 : INFO : ConfigProcessor : Loading config from cache: C:\Users\Wilder\AppData\Local\Temp\225554da95d8871f7382aa94a6d6b3eb.mpf_cache
2019-05-21 14:23:29,884 : DEBUG : ModeController : Loaded mode lost_woods_starter
2019-05-21 14:23:29,884 : INFO : ConfigProcessor : Loading config from cache: C:\Users\Wilder\AppData\Local\Temp\7b0dcc699efc7732bf9d3e57ee202517.mpf_cache
2019-05-21 14:23:29,888 : DEBUG : ModeController : Loaded mode 2ballescape
2019-05-21 14:23:29,888 : INFO : ConfigProcessor : Loading config from cache: C:\Users\Wilder\AppData\Local\Temp\f394a72c4810bb1cc42cac0690a90dcf.mpf_cache
2019-05-21 14:23:29,892 : DEBUG : ModeController : Loaded mode gameoverplayer
2019-05-21 14:23:29,892 : INFO : ConfigProcessor : Loading config from cache: C:\Users\Wilder\AppData\Local\Temp\c3fd2c292a6c0d3463ad9b4555730ad5.mpf_cache
2019-05-21 14:23:29,896 : DEBUG : ModeController : Loaded mode item_tracker
2019-05-21 14:23:29,896 : INFO : ConfigProcessor : Loading config from cache: C:\Users\Wilder\AppData\Local\Temp\6caaa2c03f737135abd403644138525e.mpf_cache
2019-05-21 14:23:29,900 : DEBUG : ModeController : Loaded mode shop
2019-05-21 14:23:29,900 : INFO : ConfigProcessor : Loading config from cache: C:\Users\Wilder\AppData\Local\Temp\c5e5b78d841dff96974ddb92030af0a9.mpf_cache
2019-05-21 14:23:29,904 : DEBUG : ModeController : Loaded mode skill_shot
2019-05-21 14:23:29,904 : INFO : ConfigProcessor : Loading config from cache: C:\Users\Wilder\AppData\Local\Temp\c35ad2e595070cac0b6f696d6f7f6af6.mpf_cache
2019-05-21 14:23:29,908 : DEBUG : ModeController : Loaded mode ball_save
2019-05-21 14:23:29,908 : INFO : ConfigProcessor : Loading config from cache: C:\Users\Wilder\AppData\Local\Temp\34c6448537d1c95c89cf73a07c0f99c9.mpf_cache
2019-05-21 14:23:29,913 : DEBUG : ModeController : Loaded mode bottle_filler
2019-05-21 14:23:29,913 : INFO : ConfigProcessor : Loading config from cache: C:\Users\Wilder\AppData\Local\Temp\8b601767b8d464abeaa513b42e6346a8.mpf_cache
2019-05-21 14:23:29,917 : DEBUG : ModeController : Loaded mode master_sword_buildup
2019-05-21 14:23:29,917 : INFO : ConfigProcessor : Loading config from cache: C:\Users\Wilder\AppData\Local\Temp\fd6423453738b6cee138971698f65579.mpf_cache
2019-05-21 14:23:29,921 : DEBUG : ModeController : Loaded mode mode_tracker
2019-05-21 14:23:29,921 : INFO : ConfigProcessor : Loading config from cache: C:\Users\Wilder\AppData\Local\Temp\86e0d165ea95889c95b56598c3ebe263.mpf_cache
2019-05-21 14:23:29,926 : DEBUG : ModeController : Loaded mode music_player
2019-05-21 14:23:29,927 : INFO : ConfigProcessor : Loading config from cache: C:\Users\Wilder\AppData\Local\Temp\6fc1a42fdd0d487285862f5b943c745e.mpf_cache
2019-05-21 14:23:29,931 : DEBUG : ModeController : Loaded mode rupee_finder
2019-05-21 14:23:30,008 : DEBUG : ball_device.bd_drain : Configuring device with settings: '{'ball_switches': [<switch.trough1>], 'eject_coil': <coil.draineject>, 'eject_targets': [<ball_device.bd_trough>], 'eject_timeouts': [1000], 'confirm_eject_type': 'target', 'tags': ['drain'], 'debug': True, 'label': '%', 'console_log': 'full', 'file_log': 'full', 'exit_count_delay': 500, 'entrance_count_delay': 500, 'eject_coil_jam_pulse': None, 'eject_coil_retry_pulse': None, 'eject_coil_reorder_pulse': None, 'eject_coil_max_wait_ms': 200, 'eject_coil_enable_time': [], 'retries_before_increasing_pulse': 4, 'hold_coil': None, 'hold_coil_release_time': 1000, 'hold_events': {}, 'hold_switches': [], 'entrance_switch': None, 'entrance_switch_ignore_window_ms': 0, 'entrance_switch_full_timeout': 0, 'entrance_events': {}, 'entrance_event_timeout': 5.0, 'idle_missing_ball_timeout': 5.0, 'jam_switch': None, 'captures_from': <playfield.playfield>, 'ball_missing_timeouts': [], 'ball_missing_target': <playfield.playfield>, 'confirm_eject_switch': None, 'confirm_eject_event': None, 'max_eject_attempts': 0, 'ball_capacity': None, 'request_ball_events': {}, 'eject_events': {}, 'eject_all_events': {}, 'mechanical_eject': False, 'player_controlled_eject_event': None, 'ball_search_order': 200, 'auto_fire_on_unexpected_ball': True, 'target_on_unexpected_ball': None}'
2019-05-21 14:23:30,009 : DEBUG : ball_device.bd_trough : Configuring device with settings: '{'entrance_switch': <switch.trough2>, 'entrance_switch_full_timeout': 3000, 'ball_capacity': 3, 'eject_coil': <coil.troughrelease>, 'eject_targets': [<ball_device.bd_plunger_lane>], 'confirm_eject_type': 'target', 'tags': ['trough', 'home'], 'debug': True, 'label': '%', 'console_log': 'full', 'file_log': 'full', 'exit_count_delay': 500, 'entrance_count_delay': 500, 'eject_coil_jam_pulse': None, 'eject_coil_retry_pulse': None, 'eject_coil_reorder_pulse': None, 'eject_coil_max_wait_ms': 200, 'eject_coil_enable_time': [], 'retries_before_increasing_pulse': 4, 'hold_coil': None, 'hold_coil_release_time': 1000, 'hold_events': {}, 'hold_switches': [], 'entrance_switch_ignore_window_ms': 0, 'entrance_events': {}, 'entrance_event_timeout': 5.0, 'idle_missing_ball_timeout': 5.0, 'jam_switch': None, 'captures_from': <playfield.playfield>, 'eject_timeouts': [], 'ball_missing_timeouts': [], 'ball_missing_target': <playfield.playfield>, 'confirm_eject_switch': None, 'confirm_eject_event': None, 'max_eject_attempts': 0, 'ball_switches': [], 'request_ball_events': {}, 'eject_events': {}, 'eject_all_events': {}, 'mechanical_eject': False, 'player_controlled_eject_event': None, 'ball_search_order': 200, 'auto_fire_on_unexpected_ball': True, 'target_on_unexpected_ball': None}'
2019-05-21 14:23:30,009 : DEBUG : ball_device.bd_plunger_lane : Configuring device with settings: '{'ball_switches': [<switch.plungerlane>], 'eject_coil': <coil.autoplunger>, 'mechanical_eject': True, 'eject_timeouts': [1000], 'debug': True, 'label': '%', 'tags': [], 'console_log': 'full', 'file_log': 'full', 'exit_count_delay': 500, 'entrance_count_delay': 500, 'eject_coil_jam_pulse': None, 'eject_coil_retry_pulse': None, 'eject_coil_reorder_pulse': None, 'eject_coil_max_wait_ms': 200, 'eject_coil_enable_time': [], 'retries_before_increasing_pulse': 4, 'hold_coil': None, 'hold_coil_release_time': 1000, 'hold_events': {}, 'hold_switches': [], 'entrance_switch': None, 'entrance_switch_ignore_window_ms': 0, 'entrance_switch_full_timeout': 0, 'entrance_events': {}, 'entrance_event_timeout': 5.0, 'idle_missing_ball_timeout': 5.0, 'jam_switch': None, 'confirm_eject_type': 'target', 'captures_from': <playfield.playfield>, 'eject_targets': [<playfield.playfield>], 'ball_missing_timeouts': [], 'ball_missing_target': <playfield.playfield>, 'confirm_eject_switch': None, 'confirm_eject_event': None, 'max_eject_attempts': 0, 'ball_capacity': None, 'request_ball_events': {}, 'eject_events': {}, 'eject_all_events': {}, 'player_controlled_eject_event': None, 'ball_search_order': 200, 'auto_fire_on_unexpected_ball': True, 'target_on_unexpected_ball': None}'
2019-05-21 14:23:30,166 : DEBUG : ball_save.skillshot_ballsave : Configuring device with settings: '{'active_time': 25000, 'hurry_up_time': 3000, 'grace_period': 3000, 'enable_events': {'skillshot_ballsave_award': 0}, 'disable_events': {'ball_save_skillshot_ballsave_saving_ball': 0}, 'timer_start_events': {'start_ballsave': 0}, 'auto_launch': True, 'balls_to_save': 1, 'debug': True, 'label': '%', 'tags': [], 'console_log': 'full', 'file_log': 'full', 'source_playfield': <playfield.playfield>, 'eject_delay': 0, 'only_last_ball': False, 'early_ball_save_events': {}, 'delayed_eject_events': {}}'
2019-05-21 14:23:30,236 : DEBUG : ball_save.default : Configuring device with settings: '{'active_time': 10000, 'hurry_up_time': 3000, 'grace_period': 3000, 'enable_events': {'mode_base_started': 0}, 'disable_events': {'ball_save_default_saving_ball': 0}, 'timer_start_events': {'start_ballsave': 0}, 'auto_launch': True, 'balls_to_save': 1, 'debug': True, 'label': '%', 'tags': [], 'console_log': 'full', 'file_log': 'full', 'source_playfield': <playfield.playfield>, 'eject_delay': 0, 'only_last_ball': False, 'early_ball_save_events': {}, 'delayed_eject_events': {}}'
2019-05-21 14:23:30,282 : INFO : EventManager : Event: ======'drop_target_bank_maindrop_up'====== Args={}
2019-05-21 14:23:30,284 : INFO : EventManager : Event: ======'init_phase_2'====== Args={}
2019-05-21 14:23:30,285 : INFO : SwitchController : Found active switch: ('4', <Platform.Virtual>)
2019-05-21 14:23:30,285 : INFO : SwitchController : Found active switch: ('5', <Platform.Virtual>)
2019-05-21 14:23:30,361 : DEBUG : YAML File Interface : Loading file: C:\Users\Wilder\zelda\data/high_scores.yaml
2019-05-21 14:23:30,369 : INFO : EventManager : Event: ======'machine_var_score1_label'====== Args={'value': 'HYRULE CHAMPION', 'prev_value': None, 'change': True}
2019-05-21 14:23:30,370 : INFO : EventManager : Event: ======'machine_var_score1_name'====== Args={'value': 'W', 'prev_value': None, 'change': True}
2019-05-21 14:23:30,370 : INFO : EventManager : Event: ======'machine_var_score1_value'====== Args={'value': 1338, 'prev_value': None, 'change': True}
2019-05-21 14:23:30,370 : INFO : EventManager : Event: ======'machine_var_score2_label'====== Args={'value': 'HIGH SCORE 1', 'prev_value': None, 'change': True}
2019-05-21 14:23:30,370 : INFO : EventManager : Event: ======'machine_var_score2_name'====== Args={'value': 'A', 'prev_value': None, 'change': True}
2019-05-21 14:23:30,370 : INFO : EventManager : Event: ======'machine_var_score2_value'====== Args={'value': 1155, 'prev_value': None, 'change': True}
2019-05-21 14:23:30,370 : INFO : EventManager : Event: ======'machine_var_score3_label'====== Args={'value': 'HIGH SCORE 2', 'prev_value': None, 'change': True}
2019-05-21 14:23:30,370 : INFO : EventManager : Event: ======'machine_var_score3_name'====== Args={'value': 'W', 'prev_value': None, 'change': True}
2019-05-21 14:23:30,371 : INFO : EventManager : Event: ======'machine_var_score3_value'====== Args={'value': 1141, 'prev_value': None, 'change': True}
2019-05-21 14:23:30,371 : INFO : EventManager : Event: ======'machine_var_score4_label'====== Args={'value': 'HIGH SCORE 3', 'prev_value': None, 'change': True}
2019-05-21 14:23:30,371 : INFO : EventManager : Event: ======'machine_var_score4_name'====== Args={'value': 'JF', 'prev_value': None, 'change': True}
2019-05-21 14:23:30,371 : INFO : EventManager : Event: ======'machine_var_score4_value'====== Args={'value': 795, 'prev_value': None, 'change': True}
2019-05-21 14:23:30,371 : INFO : EventManager : Event: ======'machine_var_score5_label'====== Args={'value': 'HIGH SCORE 4', 'prev_value': None, 'change': True}
2019-05-21 14:23:30,371 : INFO : EventManager : Event: ======'machine_var_score5_name'====== Args={'value': 'JF', 'prev_value': None, 'change': True}
2019-05-21 14:23:30,371 : INFO : EventManager : Event: ======'machine_var_score5_value'====== Args={'value': 507, 'prev_value': None, 'change': True}
2019-05-21 14:23:30,371 : INFO : Mode.game_ender_mode : game_ender_mode_mode_init
2019-05-21 14:23:30,488 : ERROR : asyncio : Exception in callback EventManager._done(<Task finishe...['loops']}",)>)
handle: <Handle EventManager._done(<Task finishe...['loops']}",)>)>
Traceback (most recent call last):
  File "c:\users\wilder\appdata\local\programs\python\python36\lib\site-packages\mpfmc\config_players\plugins\slide_player.py", line 101, in process_widget
    config['type']).lower(), config, base_spec='widgets:common')
KeyError: 'type'

During handling of the above exception, another exception occurred:

Traceback (most recent call last):
  File "c:\users\wilder\appdata\local\programs\python\python36\lib\asyncio\events.py", line 145, in _run
    self._callback(*self._args)
  File "c:\users\wilder\appdata\local\programs\python\python36\lib\site-packages\mpf\core\events.py", line 690, in _done
    future.result()
  File "c:\users\wilder\appdata\local\programs\python\python36\lib\site-packages\mpf\core\events.py", line 612, in _run_handlers_sequential
    handler.callback(queue=queue, **merged_kwargs)
  File "c:\users\wilder\appdata\local\programs\python\python36\lib\site-packages\mpf\core\mode_controller.py", line 102, in initialise_modes
    mode.initialise_mode()
  File "c:\users\wilder\appdata\local\programs\python\python36\lib\site-packages\mpf\core\mode.py", line 594, in initialise_mode
    **item.kwargs)
  File "c:\users\wilder\appdata\local\programs\python\python36\lib\site-packages\mpf\core\config_player.py", line 134, in process_mode_config
    config = self.validate_config(config)
  File "c:\users\wilder\appdata\local\programs\python\python36\lib\site-packages\mpf\core\config_player.py", line 106, in validate_config
    validated_config[event] = self.validate_config_entry(settings, event)
  File "c:\users\wilder\appdata\local\programs\python\python36\lib\site-packages\mpf\config_players\device_config_player.py", line 34, in validate_config_entry
    self._validate_config_item(device, device_settings))
  File "c:\users\wilder\appdata\local\programs\python\python36\lib\site-packages\mpfmc\config_players\plugins\slide_player.py", line 63, in _validate_config_item
    device_settings['widgets'])
  File "c:\users\wilder\appdata\local\programs\python\python36\lib\site-packages\mpfmc\config_players\plugins\slide_player.py", line 90, in process_widgets
    widget_list.append(self.process_widget(widget))
  File "c:\users\wilder\appdata\local\programs\python\python36\lib\site-packages\mpfmc\config_players\plugins\slide_player.py", line 104, in process_widget
    "wrong here: {}".format(config))
KeyError: "Slide config validation error. Something is wrong here: {'loops': 0, '_default_settings': ['loops']}"
2019-05-21 14:23:30,550 : INFO : Machine : Starting the main run loop.
2019-05-21 14:23:30,550 : INFO : Machine : Shutting down...
2019-05-21 14:23:30,550 : INFO : EventManager : Event: ======'shutdown'====== Args={}
2019-05-21 14:23:30,553 : DEBUG : ball_device.bd_drain : Stopping ball device
2019-05-21 14:23:30,554 : DEBUG : ball_device.bd_trough : Stopping ball device
2019-05-21 14:23:30,554 : DEBUG : ball_device.bd_plunger_lane : Stopping ball device
2019-05-21 14:23:30,668 : ERROR : root : "Slide config validation error. Something is wrong here: {'loops': 0, '_default_settings': ['loops']}"
Traceback (most recent call last):
  File "c:\users\wilder\appdata\local\programs\python\python36\lib\site-packages\mpfmc\config_players\plugins\slide_player.py", line 101, in process_widget
    config['type']).lower(), config, base_spec='widgets:common')
KeyError: 'type'

During handling of the above exception, another exception occurred:

Traceback (most recent call last):
  File "c:\users\wilder\appdata\local\programs\python\python36\lib\site-packages\mpf\commands\game.py", line 220, in __init__
    MachineController(mpf_path, machine_path, vars(self.args)).run()
  File "c:\users\wilder\appdata\local\programs\python\python36\lib\site-packages\mpf\core\machine.py", line 716, in run
    self._run_loop()
  File "c:\users\wilder\appdata\local\programs\python\python36\lib\site-packages\mpf\core\machine.py", line 776, in _run_loop
    raise self._exception['exception']
  File "c:\users\wilder\appdata\local\programs\python\python36\lib\asyncio\events.py", line 145, in _run
    self._callback(*self._args)
  File "c:\users\wilder\appdata\local\programs\python\python36\lib\site-packages\mpf\core\events.py", line 690, in _done
    future.result()
  File "c:\users\wilder\appdata\local\programs\python\python36\lib\site-packages\mpf\core\events.py", line 612, in _run_handlers_sequential
    handler.callback(queue=queue, **merged_kwargs)
  File "c:\users\wilder\appdata\local\programs\python\python36\lib\site-packages\mpf\core\mode_controller.py", line 102, in initialise_modes
    mode.initialise_mode()
  File "c:\users\wilder\appdata\local\programs\python\python36\lib\site-packages\mpf\core\mode.py", line 594, in initialise_mode
    **item.kwargs)
  File "c:\users\wilder\appdata\local\programs\python\python36\lib\site-packages\mpf\core\config_player.py", line 134, in process_mode_config
    config = self.validate_config(config)
  File "c:\users\wilder\appdata\local\programs\python\python36\lib\site-packages\mpf\core\config_player.py", line 106, in validate_config
    validated_config[event] = self.validate_config_entry(settings, event)
  File "c:\users\wilder\appdata\local\programs\python\python36\lib\site-packages\mpf\config_players\device_config_player.py", line 34, in validate_config_entry
    self._validate_config_item(device, device_settings))
  File "c:\users\wilder\appdata\local\programs\python\python36\lib\site-packages\mpfmc\config_players\plugins\slide_player.py", line 63, in _validate_config_item
    device_settings['widgets'])
  File "c:\users\wilder\appdata\local\programs\python\python36\lib\site-packages\mpfmc\config_players\plugins\slide_player.py", line 90, in process_widgets
    widget_list.append(self.process_widget(widget))
  File "c:\users\wilder\appdata\local\programs\python\python36\lib\site-packages\mpfmc\config_players\plugins\slide_player.py", line 104, in process_widget
    "wrong here: {}".format(config))
KeyError: "Slide config validation error. Something is wrong here: {'loops': 0, '_default_settings': ['loops']}"
