2019-04-19 14:31:33,132 : kivy : Factory: 194 symbols loaded
2019-04-19 14:31:33,138 : kivy : Cache: register <kv.lang> with limit=None, timeout=None
2019-04-19 14:31:33,305 : kivy : Cache: register <kv.image> with limit=None, timeout=60
2019-04-19 14:31:33,305 : kivy : Cache: register <kv.atlas> with limit=None, timeout=None
2019-04-19 14:31:33,326 : kivy : Image: Providers: img_tex, img_dds, img_sdl2, img_pil, img_gif (img_ffpyplayer ignored)
2019-04-19 14:31:33,327 : kivy : Cache: register <kv.texture> with limit=1000, timeout=60
2019-04-19 14:31:33,327 : kivy : Cache: register <kv.shader> with limit=1000, timeout=3600
2019-04-19 14:31:33,400 : kivy : VideoGstplayer: Using Gstreamer 1.10.2.0
2019-04-19 14:31:33,400 : kivy : Video: Provider: gstplayer
2019-04-19 14:31:33,499 : kivy : Loading MPF-MC controller
2019-04-19 14:31:33,500 : mpfmc : Mission Pinball Framework Media Controller v0.53.0-dev.0
2019-04-19 14:31:33,501 : mpfmc : Mission Pinball Framework Game Engine v0.53.0-dev.16
2019-04-19 14:31:33,501 : mpfmc : Machine path: C:\Users\Wilder\zelda
2019-04-19 14:31:33,502 : ConfigProcessor : Config file in cache changed: C:\Users\Wilder\zelda\config\config
2019-04-19 14:31:33,502 : ConfigProcessor : Loading config from file c:\users\wilder\appdata\local\programs\python\python36\lib\site-packages\mpfmc\mcconfig.yaml.
2019-04-19 14:31:33,503 : YAML File Interface : Loading file: c:\users\wilder\appdata\local\programs\python\python36\lib\site-packages\mpfmc\mcconfig.yaml
2019-04-19 14:31:33,622 : ConfigProcessor : Loading config: c:\users\wilder\appdata\local\programs\python\python36\lib\site-packages\mpfmc\mcconfig.yaml
2019-04-19 14:31:33,637 : ConfigProcessor : Loading config from file C:\Users\Wilder\zelda\config\config.
2019-04-19 14:31:33,637 : YAML File Interface : Loading file: C:\Users\Wilder\zelda\config\config.yaml
2019-04-19 14:31:33,701 : ConfigProcessor : Loading config: C:\Users\Wilder\zelda\config\config
2019-04-19 14:31:33,701 : YAML File Interface : Loading file: C:\Users\Wilder\zelda\config\hardware.yaml
2019-04-19 14:31:34,025 : ConfigProcessor : Loading config: C:\Users\Wilder\zelda\config\hardware.yaml
2019-04-19 14:31:34,027 : YAML File Interface : Loading file: C:\Users\Wilder\zelda\config\keyboard.yaml
2019-04-19 14:31:34,050 : ConfigProcessor : Loading config: C:\Users\Wilder\zelda\config\keyboard.yaml
2019-04-19 14:31:34,053 : YAML File Interface : Loading file: C:\Users\Wilder\zelda\config\videos.yaml
2019-04-19 14:31:34,138 : ConfigProcessor : Loading config: C:\Users\Wilder\zelda\config\videos.yaml
2019-04-19 14:31:34,147 : ConfigProcessor : Config file cache created: C:\Users\Wilder\AppData\Local\Temp\33abdcfcf65e636611bd498b89cbbd0e.mpf_cache
2019-04-19 14:31:34,147 : mpfmc : Starting clock at 60.0Hz
2019-04-19 14:31:34,166 : kivy : Text: Provider: sdl2
2019-04-19 14:31:34,233 : kivy : Window: Provider: sdl2
2019-04-19 14:31:34,303 : kivy : GL: Using the "OpenGL" graphics system
2019-04-19 14:31:35,557 : kivy : GL: GLEW initialization succeeded
2019-04-19 14:31:35,557 : kivy : GL: available extensions: b'GL_EXT_blend_minmax GL_EXT_blend_subtract GL_EXT_blend_color GL_EXT_abgr GL_EXT_texture3D GL_EXT_clip_volume_hint GL_EXT_compiled_vertex_array GL_SGIS_texture_edge_clamp GL_SGIS_generate_mipmap GL_EXT_draw_range_elements GL_SGIS_texture_lod GL_EXT_rescale_normal GL_EXT_packed_pixels GL_EXT_texture_edge_clamp GL_EXT_separate_specular_color GL_ARB_multitexture GL_EXT_texture_env_combine GL_EXT_bgra GL_EXT_blend_func_separate GL_EXT_secondary_color GL_EXT_fog_coord GL_EXT_texture_env_add GL_ARB_texture_cube_map GL_ARB_transpose_matrix GL_ARB_texture_env_add GL_IBM_texture_mirrored_repeat GL_EXT_multi_draw_arrays GL_NV_blend_square GL_ARB_texture_compression GL_3DFX_texture_compression_FXT1 GL_EXT_texture_filter_anisotropic GL_ARB_texture_border_clamp GL_ARB_point_parameters GL_ARB_texture_env_combine GL_ARB_texture_env_dot3 GL_ARB_texture_env_crossbar GL_EXT_texture_compression_s3tc GL_ARB_shadow GL_ARB_window_pos GL_EXT_shadow_funcs GL_EXT_stencil_wrap GL_ARB_vertex_program GL_EXT_texture_rectangle GL_ARB_fragment_program GL_EXT_stencil_two_side GL_ATI_separate_stencil GL_ARB_vertex_buffer_object GL_EXT_texture_lod_bias GL_ARB_occlusion_query GL_ARB_fragment_shader GL_ARB_shader_objects GL_ARB_shading_language_100 GL_ARB_texture_non_power_of_two GL_ARB_vertex_shader GL_NV_texgen_reflection GL_ARB_point_sprite GL_EXT_blend_equation_separate GL_ARB_depth_texture GL_ARB_texture_rectangle GL_ARB_draw_buffers GL_ARB_color_buffer_float GL_ARB_half_float_pixel GL_ARB_texture_float GL_ARB_pixel_buffer_object GL_EXT_framebuffer_object GL_ARB_draw_instanced GL_ARB_half_float_vertex GL_EXT_draw_buffers2 GL_WIN_swap_hint GL_EXT_texture_sRGB GL_ARB_multisample GL_EXT_packed_float GL_EXT_texture_shared_exponent GL_ARB_texture_rg GL_ARB_texture_compression_rgtc GL_NV_conditional_render GL_EXT_texture_swizzle GL_ARB_framebuffer_sRGB GL_EXT_packed_depth_stencil GL_ARB_depth_buffer_float GL_EXT_transform_feedback GL_EXT_framebuffer_blit GL_EXT_framebuffer_multisample GL_ARB_framebuffer_object GL_EXT_texture_array GL_EXT_texture_integer GL_ARB_map_buffer_range GL_EXT_texture_snorm GL_INTEL_performance_queries GL_ARB_vertex_array_object '
2019-04-19 14:31:35,558 : kivy : GL: glShaderBinary is not available
2019-04-19 14:31:35,558 : kivy : GL: Backend used <glew>
2019-04-19 14:31:35,558 : kivy : GL: OpenGL version <b'3.0.0 - Build 8.15.10.2342'>
2019-04-19 14:31:35,559 : kivy : GL: OpenGL vendor <b'Intel'>
2019-04-19 14:31:35,559 : kivy : GL: OpenGL renderer <b'Intel(R) HD Graphics Family'>
2019-04-19 14:31:35,559 : kivy : GL: OpenGL parsed version: 3, 0
2019-04-19 14:31:35,559 : kivy : GL: Shading version <b'1.30  - Intel Build 8.15.10.2342'>
2019-04-19 14:31:35,559 : kivy : GL: Texture max size <4096>
2019-04-19 14:31:35,559 : kivy : GL: Texture max units <16>
2019-04-19 14:31:35,621 : kivy : Shader: Fragment compiled successfully
2019-04-19 14:31:35,622 : kivy : Shader: Vertex compiled successfully
2019-04-19 14:31:35,682 : kivy : ImageSDL2: Load <c:\users\wilder\appdata\local\programs\python\python36\lib\site-packages\kivy\data\glsl\default.png>
2019-04-19 14:31:35,700 : kivy : Window: auto add sdl2 input provider
2019-04-19 14:31:35,701 : kivy : Window: virtual keyboard not allowed, single mode, not docked
2019-04-19 14:31:35,717 : mpfmc : Machine path: C:\Users\Wilder\zelda
2019-04-19 14:31:35,718 : kivy : Resource: add <C:\Users\Wilder\zelda\fonts> in path list
2019-04-19 14:31:35,718 : kivy : Resource: add <c:\users\wilder\appdata\local\programs\python\python36\lib\site-packages\mpfmc\fonts> in path list
2019-04-19 14:31:35,718 : SoundSystem : Loading the Sound System
2019-04-19 14:31:36,188 : AudioInterface : Initialized
2019-04-19 14:31:36,188 : AudioInterface : Loaded SDL 2.0.5
2019-04-19 14:31:36,188 : AudioInterface : Loaded SDL_Mixer 2.0.1
2019-04-19 14:31:36,188 : AudioInterface : Loaded GStreamer 1.10.2.0
2019-04-19 14:31:36,188 : AudioInterface : Loaded GLib 2.48.1
2019-04-19 14:31:36,188 : AudioInterface : Settings requested - rate: 44100, channels: 1, buffer: 2048 samples
2019-04-19 14:31:36,188 : AudioInterface : Settings in use - rate: 44100, channels: 1, buffer: 2048 samples (4096 bytes @ 2 bytes per sample)
2019-04-19 14:31:36,189 : Track : Allocated track audio buffer (4096 bytes)
2019-04-19 14:31:36,189 : Track.0.TrackStandard.music : Created Track 0 music with the following settings: simultaneous_sounds = 2, volume = 0.500000
2019-04-19 14:31:36,189 : AudioInterface : The 'music' standard track has successfully been created.
2019-04-19 14:31:36,189 : Track : Allocated track audio buffer (4096 bytes)
2019-04-19 14:31:36,189 : Track.1.TrackStandard.voice : Created Track 1 voice with the following settings: simultaneous_sounds = 1, volume = 0.700000
2019-04-19 14:31:36,190 : AudioInterface : The 'voice' standard track has successfully been created.
2019-04-19 14:31:36,190 : Track : Allocated track audio buffer (4096 bytes)
2019-04-19 14:31:36,190 : Track.2.TrackStandard.sfx : Created Track 2 sfx with the following settings: simultaneous_sounds = 8, volume = 0.900000
2019-04-19 14:31:36,190 : AudioInterface : The 'sfx' standard track has successfully been created.
2019-04-19 14:31:36,190 : AudioInterface : Enabling audio playback
2019-04-19 14:31:36,193 : kivy : App: Loading kv <c:\users\wilder\appdata\local\programs\python\python36\lib\site-packages\mpfmc\core\mpfmc.kv>
2019-04-19 14:31:36,193 : kivy : App: kv <c:\users\wilder\appdata\local\programs\python\python36\lib\site-packages\mpfmc\core\mpfmc.kv> not found
2019-04-19 14:31:36,194 : kivy : Base: Create provider from mouse,multitouch_on_demand
2019-04-19 14:31:36,194 : kivy : Base: Create provider from wm_touch
2019-04-19 14:31:36,194 : kivy : Base: Create provider from wm_pen
2019-04-19 14:31:36,194 : kivy : Base: Start application main loop
2019-04-19 14:31:36,195 : EventManager : Event: ======'display_lcd_initialized'====== Args={}
2019-04-19 14:31:36,228 : mpfmc : Display: Setting 'lcd' as default display
2019-04-19 14:31:36,241 : EventManager : Event: ======'displays_initialized'====== Args={}
2019-04-19 14:31:36,243 : EventManager : Event: ======'slide_lcd_blank_created'====== Args={}
2019-04-19 14:31:36,243 : EventManager : Event: ======'display_lcd_ready'====== Args={}
2019-04-19 14:31:36,258 : EventManager : Event: ======'init_phase_1'====== Args={}
2019-04-19 14:31:36,303 : EventManager : Event: ======'mc_ready'====== Args={}
2019-04-19 14:31:36,303 : EventManager : Event: ======'init_phase_2'====== Args={}
2019-04-19 14:31:36,305 : ModeController : Found MPF Mode folders: {'attract': 'attract', 'bonus': 'bonus', 'carousel': 'carousel', 'credits': 'credits', 'game': 'game', 'high_score': 'high_score', 'match': 'match', 'service': 'service', 'tilt': 'tilt'}
2019-04-19 14:31:36,306 : ModeController : Found Machine-specific Mode folders: {'2ballescape': '2ballescape', '2ballqualifier': '2ballqualifier', '5waycombotracker': '5waycombotracker', 'agahnim_multiball': 'agahnim_multiball', 'attract': 'attract', 'attract_carousel': 'attract_carousel', 'ball_hold_tracker': 'ball_hold_tracker', 'ball_save': 'ball_save', 'base': 'base', 'bomb_finder': 'bomb_finder', 'bottle_filler': 'bottle_filler', 'darkworld': 'darkworld', 'escape': 'escape', 'escapehurryup': 'escapehurryup', 'escape_starter': 'escape_starter', 'extraball': 'extraball', 'gameoverplayer': 'gameoverplayer', 'ganon_battle': 'ganon_battle', 'heartmeter': 'heartmeter', 'heart_tracker': 'heart_tracker', 'high_score': 'high_score', 'item_tracker': 'item_tracker', 'light_world': 'light_world', 'lost_woods': 'lost_woods', 'lost_woods_starter': 'lost_woods_starter', 'master_sword_buildup': 'master_sword_buildup', 'mode_tracker': 'mode_tracker', 'music_player': 'music_player', 'playfield_multiplier': 'playfield_multiplier', 'rupee2x_finder': 'rupee2x_finder', 'rupee3x_finder': 'rupee3x_finder', 'rupee_finder': 'rupee_finder', 'shop': 'shop', 'shots': 'shots', 'skillshot_ballsave': 'skillshot_ballsave', 'skill_shot': 'skill_shot', 'slide_tracker': 'slide_tracker', 'unusual_show_tracker': 'unusual_show_tracker', 'video_player': 'video_player'}
2019-04-19 14:31:36,307 : ConfigProcessor : Loading config from cache: C:\Users\Wilder\AppData\Local\Temp\86e0d165ea95889c95b56598c3ebe263.mpf_cache
2019-04-19 14:31:36,317 : ConfigProcessor : Loading config from cache: C:\Users\Wilder\AppData\Local\Temp\f394a72c4810bb1cc42cac0690a90dcf.mpf_cache
2019-04-19 14:31:36,320 : ConfigProcessor : Loading config from cache: C:\Users\Wilder\AppData\Local\Temp\6cbeeb809d9de6fbbf2951c4e6867473.mpf_cache
2019-04-19 14:31:36,321 : ConfigProcessor : Loading config from cache: C:\Users\Wilder\AppData\Local\Temp\916c9e2d9177837f45e9cdbb7c1d0b93.mpf_cache
2019-04-19 14:31:36,322 : ConfigProcessor : Loading config from cache: C:\Users\Wilder\AppData\Local\Temp\28e1731e516595966b3afcb08910cb63.mpf_cache
2019-04-19 14:31:36,323 : ConfigProcessor : Loading config from cache: C:\Users\Wilder\AppData\Local\Temp\cb8b20150020107be74f23a2ee427f56.mpf_cache
2019-04-19 14:31:36,369 : ConfigProcessor : Loading config from cache: C:\Users\Wilder\AppData\Local\Temp\05768db999abb9e30be16a432a0581c8.mpf_cache
2019-04-19 14:31:36,369 : ConfigProcessor : Loading config from cache: C:\Users\Wilder\AppData\Local\Temp\1f8ff34a8859f8c62d77912f33e29b9c.mpf_cache
2019-04-19 14:31:36,371 : ConfigProcessor : Loading config from cache: C:\Users\Wilder\AppData\Local\Temp\fd6423453738b6cee138971698f65579.mpf_cache
2019-04-19 14:31:36,372 : ConfigProcessor : Loading config from cache: C:\Users\Wilder\AppData\Local\Temp\6eb8b6e4728e10ce756703e43167d298.mpf_cache
2019-04-19 14:31:36,374 : ConfigProcessor : Loading config from cache: C:\Users\Wilder\AppData\Local\Temp\8b601767b8d464abeaa513b42e6346a8.mpf_cache
2019-04-19 14:31:36,375 : ConfigProcessor : Loading config from cache: C:\Users\Wilder\AppData\Local\Temp\6fd2b5e36bbbd9c12f9ee3aa32f1ceca.mpf_cache
2019-04-19 14:31:36,375 : ConfigProcessor : Loading config from cache: C:\Users\Wilder\AppData\Local\Temp\3485f9bf4bb8d1d21be6de1438e091ba.mpf_cache
2019-04-19 14:31:36,376 : ConfigProcessor : Loading config from cache: C:\Users\Wilder\AppData\Local\Temp\b0ee6a771658ae3fb7e70c6d5ff59887.mpf_cache
2019-04-19 14:31:36,377 : ConfigProcessor : Loading config from cache: C:\Users\Wilder\AppData\Local\Temp\4afc9f23ca6340163a8bb51d7deea78f.mpf_cache
2019-04-19 14:31:36,392 : ConfigProcessor : Loading config from cache: C:\Users\Wilder\AppData\Local\Temp\d9d23a2a9a3117f1553491692ff1c689.mpf_cache
2019-04-19 14:31:36,393 : ConfigProcessor : Loading config from cache: C:\Users\Wilder\AppData\Local\Temp\c35ad2e595070cac0b6f696d6f7f6af6.mpf_cache
2019-04-19 14:31:36,393 : ConfigProcessor : Loading config from cache: C:\Users\Wilder\AppData\Local\Temp\7b0dcc699efc7732bf9d3e57ee202517.mpf_cache
2019-04-19 14:31:36,396 : ConfigProcessor : Loading config from cache: C:\Users\Wilder\AppData\Local\Temp\da675f6b180b79eecb40cb5eb7f75a18.mpf_cache
2019-04-19 14:31:36,397 : ConfigProcessor : Config file in cache changed: C:\Users\Wilder\zelda\modes\ganon_battle\config\ganon_battle.yaml
2019-04-19 14:31:36,397 : ConfigProcessor : Loading config from file C:\Users\Wilder\zelda\modes\ganon_battle\config\ganon_battle.yaml.
2019-04-19 14:31:36,397 : YAML File Interface : Loading file: C:\Users\Wilder\zelda\modes\ganon_battle\config\ganon_battle.yaml
2019-04-19 14:31:36,563 : kivy : Base: Leaving application in progress...
2019-04-19 14:31:36,563 : kivy : Exception while processing RegisteredHandler(callback=<bound method ModeController._load_modes of <mpfmc.core.mode_controller.ModeController object at 0x0000000004FCBB00>>, priority=1, kwargs={}, key=UUID('c3a692de-c62c-4207-8441-1db5a3309bd4'), condition=None, blocking_facility=None) for event init_phase_2
Traceback (most recent call last):
  File "c:\users\wilder\appdata\local\programs\python\python36\lib\site-packages\mpf\file_interfaces\yaml_interface.py", line 198, in load
    config = self.process(f)
  File "c:\users\wilder\appdata\local\programs\python\python36\lib\site-packages\mpf\file_interfaces\yaml_interface.py", line 224, in process
    return yaml.load(data_string, Loader=MpfLoader)
  File "c:\users\wilder\appdata\local\programs\python\python36\lib\site-packages\ruamel\yaml\main.py", line 639, in load
    return loader._constructor.get_single_data()  # type: ignore
  File "c:\users\wilder\appdata\local\programs\python\python36\lib\site-packages\ruamel\yaml\constructor.py", line 104, in get_single_data
    return self.construct_document(node)
  File "c:\users\wilder\appdata\local\programs\python\python36\lib\site-packages\ruamel\yaml\constructor.py", line 114, in construct_document
    for dummy in generator:
  File "c:\users\wilder\appdata\local\programs\python\python36\lib\site-packages\ruamel\yaml\constructor.py", line 611, in construct_yaml_map
    value = self.construct_mapping(node)
  File "c:\users\wilder\appdata\local\programs\python\python36\lib\site-packages\mpf\file_interfaces\yaml_interface.py", line 135, in construct_mapping
    format(key, key_node.start_mark))
KeyError: 'Key "disable_events" was defined multiple times in config   in "C:\\Users\\Wilder\\zelda\\modes\\ganon_battle\\config\\ganon_battle.yaml", line 33, column 5'

During handling of the above exception, another exception occurred:

Traceback (most recent call last):
  File "c:\users\wilder\appdata\local\programs\python\python36\lib\site-packages\mpf\core\events.py", line 657, in _run_handlers
    result = handler.callback(**merged_kwargs)
  File "c:\users\wilder\appdata\local\programs\python\python36\lib\site-packages\mpfmc\core\mode_controller.py", line 59, in _load_modes
    self.mc.modes[mode] = self._load_mode(mode)
  File "c:\users\wilder\appdata\local\programs\python\python36\lib\site-packages\mpfmc\core\mode_controller.py", line 132, in _load_mode
    store_to_cache=self.mc.options['create_config_cache'], ignore_unknown_sections=True)
  File "c:\users\wilder\appdata\local\programs\python\python36\lib\site-packages\mpf\core\config_processor.py", line 112, in load_config_files_with_cache
    ignore_unknown_sections)
  File "c:\users\wilder\appdata\local\programs\python\python36\lib\site-packages\mpf\core\config_processor.py", line 132, in _load_config_file_and_return_loaded_files
    config = FileManager.load(filename, expected_version_str, True)
  File "c:\users\wilder\appdata\local\programs\python\python36\lib\site-packages\mpf\core\file_manager.py", line 99, in load
    return interface.load(file, verify_version, halt_on_error)
  File "c:\users\wilder\appdata\local\programs\python\python36\lib\site-packages\mpf\file_interfaces\yaml_interface.py", line 212, in load
    raise ValueError(msg)
ValueError: Error found in file C:\Users\Wilder\zelda\modes\ganon_battle\config\ganon_battle.yaml: 'Key "disable_events" was defined multiple times in config   in "C:\\Users\\Wilder\\zelda\\modes\\ganon_battle\\config\\ganon_battle.yaml", line 33, column 5'

The above exception was the direct cause of the following exception:

Traceback (most recent call last):
  File "c:\users\wilder\appdata\local\programs\python\python36\lib\site-packages\mpfmc\commands\mc.py", line 209, in __init__
    thread_stopper=thread_stopper).run()
  File "c:\users\wilder\appdata\local\programs\python\python36\lib\site-packages\kivy\app.py", line 826, in run
    runTouchApp()
  File "c:\users\wilder\appdata\local\programs\python\python36\lib\site-packages\kivy\base.py", line 502, in runTouchApp
    EventLoop.window.mainloop()
  File "c:\users\wilder\appdata\local\programs\python\python36\lib\site-packages\kivy\core\window\window_sdl2.py", line 727, in mainloop
    self._mainloop()
  File "c:\users\wilder\appdata\local\programs\python\python36\lib\site-packages\kivy\core\window\window_sdl2.py", line 460, in _mainloop
    EventLoop.idle()
  File "c:\users\wilder\appdata\local\programs\python\python36\lib\site-packages\kivy\base.py", line 337, in idle
    Clock.tick()
  File "c:\users\wilder\appdata\local\programs\python\python36\lib\site-packages\kivy\clock.py", line 581, in tick
    self._process_events()
  File "kivy\_clock.pyx", line 384, in kivy._clock.CyClockBase._process_events
  File "kivy\_clock.pyx", line 414, in kivy._clock.CyClockBase._process_events
  File "kivy\_clock.pyx", line 412, in kivy._clock.CyClockBase._process_events
  File "kivy\_clock.pyx", line 167, in kivy._clock.ClockEvent.tick
  File "c:\users\wilder\appdata\local\programs\python\python36\lib\site-packages\mpfmc\uix\display.py", line 200, in _displays_initialized
    self.mc.displays_initialized()
  File "c:\users\wilder\appdata\local\programs\python\python36\lib\site-packages\mpfmc\core\mc.py", line 336, in displays_initialized
    self._init()
  File "c:\users\wilder\appdata\local\programs\python\python36\lib\site-packages\mpfmc\core\mc.py", line 380, in _init
    self.events.process_event_queue()
  File "c:\users\wilder\appdata\local\programs\python\python36\lib\site-packages\mpf\core\events.py", line 738, in process_event_queue
    **event[3])
  File "c:\users\wilder\appdata\local\programs\python\python36\lib\site-packages\mpf\core\events.py", line 703, in _process_event
    result = self._run_handlers(event, ev_type, kwargs)
  File "c:\users\wilder\appdata\local\programs\python\python36\lib\site-packages\mpf\core\events.py", line 659, in _run_handlers
    raise Exception("Exception while processing {} for event {}".format(handler, event)) from e
Exception: Exception while processing RegisteredHandler(callback=<bound method ModeController._load_modes of <mpfmc.core.mode_controller.ModeController object at 0x0000000004FCBB00>>, priority=1, kwargs={}, key=UUID('c3a692de-c62c-4207-8441-1db5a3309bd4'), condition=None, blocking_facility=None) for event init_phase_2
2019-04-19 14:31:36,571 : kivy : Stopping child threads... (1 remaining)
2019-04-19 14:31:37,271 : kivy : All child threads stopped.
