2019-04-09 19:09:39,697 : INFO : Machine : Mission Pinball Framework Core Engine v0.52.1
2019-04-09 19:09:39,697 : INFO : Machine : Command line arguments: {'no_load_cache': False, 'create_config_cache': True, 'bcp': True, 'configfile': ['config.yaml'], 'mpfconfigfile': 'c:\\users\\wilder\\appdata\\local\\programs\\python\\python36\\lib\\site-packages\\mpf\\mpfconfig.yaml', 'force_assets_load': False, 'jsonlogging': False, 'logfile': 'logs\\2019-04-09-19-09-39-mpf-RedTunic.log', 'pause': False, 'production': False, 'text_ui': True, 'loglevel': 10, 'consoleloglevel': 20, 'force_platform': None, 'syslog_address': None, 'mc_file_name': None, 'no_sound': False}
2019-04-09 19:09:39,697 : INFO : Machine : MPF path: c:\users\wilder\appdata\local\programs\python\python36\lib\site-packages\mpf
2019-04-09 19:09:39,698 : INFO : Machine : Machine path: C:\Users\Wilder\zelda
2019-04-09 19:09:39,698 : INFO : Machine : Platform: win32
2019-04-09 19:09:39,698 : INFO : Machine : Python executable location: c:\users\wilder\appdata\local\programs\python\python36\python.exe
2019-04-09 19:09:39,698 : INFO : Machine : Python version: 3.6.4 (64-bit)
2019-04-09 19:09:39,698 : INFO : Machine : Machine config file #1: config.yaml
2019-04-09 19:09:39,700 : INFO : ConfigProcessor : Loading config from cache: C:\Users\Wilder\AppData\Local\Temp\9bf880992bc5b85aa1bd2cc37b214e56.mpf_cache
2019-04-09 19:09:39,703 : DEBUG : asyncio : Using selector: SelectSelector
2019-04-09 19:09:39,705 : INFO : Machine : Initialise MPF.
2019-04-09 19:09:39,754 : DEBUG : FAST : Configuring FAST hardware.
2019-04-09 19:09:39,962 : INFO : FAST : Connecting to \\.\COM11 at 921600bps
2019-04-09 19:09:40,011 : INFO : FAST : Connected! Processor: NET, Board Type: FP-CPU-002-2, Firmware: 01.02
2019-04-09 19:09:40,011 : INFO : EventManager : Event: ======'machine_var_fast_net_firmware'====== Args={'value': '01.02', 'prev_value': None, 'change': True}
2019-04-09 19:09:40,011 : INFO : EventManager : Event: ======'machine_var_fast_net_model'====== Args={'value': 'FP-CPU-002-2', 'prev_value': None, 'change': True}
2019-04-09 19:09:40,011 : WARNING : FAST : Not resetting FAST NET because firmware is currently broken.
2019-04-09 19:09:40,043 : INFO : FAST : Connecting to \\.\COM12 at 921600bps
2019-04-09 19:09:40,091 : INFO : FAST : Connected! Processor: RGB, Board Type: FP-CPU-002-2, Firmware: 01.00
2019-04-09 19:09:40,091 : INFO : EventManager : Event: ======'machine_var_fast_rgb_firmware'====== Args={'value': '01.00', 'prev_value': None, 'change': True}
2019-04-09 19:09:40,091 : INFO : EventManager : Event: ======'machine_var_fast_rgb_model'====== Args={'value': 'FP-CPU-002-2', 'prev_value': None, 'change': True}
2019-04-09 19:09:40,092 : INFO : EventManager : Event: ======'machine_var_credits_string'====== Args={'value': 'FREE PLAY', 'prev_value': None, 'change': True}
2019-04-09 19:09:40,159 : DEBUG : YAML File Interface : Loading file: C:\Users\Wilder\zelda\data/machine_vars.yaml
2019-04-09 19:09:40,162 : INFO : EventManager : Event: ======'machine_var_player1_score'====== Args={'value': 30, 'prev_value': None, 'change': True}
2019-04-09 19:09:40,162 : INFO : EventManager : Event: ======'machine_var_mpf_version'====== Args={'value': 'MPF v0.52.1', 'prev_value': None, 'change': True}
2019-04-09 19:09:40,163 : INFO : EventManager : Event: ======'machine_var_mpf_extended_version'====== Args={'value': 'MPF v0.52.1, Config version:5, Show version: 5, BCP version:1.1', 'prev_value': None, 'change': True}
2019-04-09 19:09:40,163 : INFO : EventManager : Event: ======'machine_var_python_version'====== Args={'value': '3.6.4', 'prev_value': None, 'change': True}
2019-04-09 19:09:40,163 : INFO : EventManager : Event: ======'machine_var_platform'====== Args={'value': 'Windows-7-6.1.7601-SP1', 'prev_value': None, 'change': True}
2019-04-09 19:09:40,163 : INFO : EventManager : Event: ======'machine_var_platform_system'====== Args={'value': 'Windows', 'prev_value': None, 'change': True}
2019-04-09 19:09:40,163 : INFO : EventManager : Event: ======'machine_var_platform_release'====== Args={'value': '7', 'prev_value': None, 'change': True}
2019-04-09 19:09:40,163 : INFO : EventManager : Event: ======'machine_var_platform_version'====== Args={'value': '6.1.7601', 'prev_value': None, 'change': True}
2019-04-09 19:09:40,164 : INFO : EventManager : Event: ======'machine_var_platform_machine'====== Args={'value': 'AMD64', 'prev_value': None, 'change': True}
2019-04-09 19:09:40,164 : INFO : EventManager : Event: ======'init_phase_1'====== Args={}
2019-04-09 19:09:40,229 : INFO : ConfigProcessor : Loading config from cache: C:\Users\Wilder\AppData\Local\Temp\aecceeb5afbfdc7257044e8417ebcf98.mpf_cache
2019-04-09 19:09:40,239 : DEBUG : ModeController : Loaded mode attract
2019-04-09 19:09:40,240 : INFO : ConfigProcessor : Loading config from cache: C:\Users\Wilder\AppData\Local\Temp\86e0d165ea95889c95b56598c3ebe263.mpf_cache
2019-04-09 19:09:40,243 : DEBUG : ModeController : Loaded mode music_player
2019-04-09 19:09:40,243 : INFO : ConfigProcessor : Loading config from cache: C:\Users\Wilder\AppData\Local\Temp\c35ad2e595070cac0b6f696d6f7f6af6.mpf_cache
2019-04-09 19:09:40,246 : DEBUG : ModeController : Loaded mode ball_save
2019-04-09 19:09:40,247 : INFO : ConfigProcessor : Loading config from cache: C:\Users\Wilder\AppData\Local\Temp\d9d23a2a9a3117f1553491692ff1c689.mpf_cache
2019-04-09 19:09:40,250 : DEBUG : ModeController : Loaded mode playfield_multiplier
2019-04-09 19:09:40,250 : INFO : ConfigProcessor : Loading config from cache: C:\Users\Wilder\AppData\Local\Temp\916c9e2d9177837f45e9cdbb7c1d0b93.mpf_cache
2019-04-09 19:09:40,255 : DEBUG : ModeController : Loaded mode unusual_show_tracker
2019-04-09 19:09:40,255 : INFO : ConfigProcessor : Loading config from cache: C:\Users\Wilder\AppData\Local\Temp\7b0dcc699efc7732bf9d3e57ee202517.mpf_cache
2019-04-09 19:09:40,259 : DEBUG : ModeController : Loaded mode 2ballescape
2019-04-09 19:09:40,259 : INFO : ConfigProcessor : Loading config from cache: C:\Users\Wilder\AppData\Local\Temp\fc30620fce8f82c18fed051cdde27ef9.mpf_cache
2019-04-09 19:09:40,263 : DEBUG : ModeController : Loaded mode 5waycombotracker
2019-04-09 19:09:40,263 : INFO : ConfigProcessor : Loading config from cache: C:\Users\Wilder\AppData\Local\Temp\fd6423453738b6cee138971698f65579.mpf_cache
2019-04-09 19:09:40,267 : DEBUG : ModeController : Loaded mode mode_tracker
2019-04-09 19:09:40,268 : INFO : ConfigProcessor : Loading config from cache: C:\Users\Wilder\AppData\Local\Temp\b0ee6a771658ae3fb7e70c6d5ff59887.mpf_cache
2019-04-09 19:09:40,276 : DEBUG : ModeController : Loaded mode game
2019-04-09 19:09:40,276 : INFO : ConfigProcessor : Loading config from cache: C:\Users\Wilder\AppData\Local\Temp\c3fd2c292a6c0d3463ad9b4555730ad5.mpf_cache
2019-04-09 19:09:40,280 : DEBUG : ModeController : Loaded mode item_tracker
2019-04-09 19:09:40,280 : INFO : ConfigProcessor : Loading config from cache: C:\Users\Wilder\AppData\Local\Temp\58664c35241624b07b13025a5964d2a4.mpf_cache
2019-04-09 19:09:40,286 : DEBUG : ModeController : Loaded mode video_player
2019-04-09 19:09:40,286 : INFO : ConfigProcessor : Loading config from cache: C:\Users\Wilder\AppData\Local\Temp\da675f6b180b79eecb40cb5eb7f75a18.mpf_cache
2019-04-09 19:09:40,290 : DEBUG : ModeController : Loaded mode bomb_finder
2019-04-09 19:09:40,290 : INFO : ConfigProcessor : Loading config from cache: C:\Users\Wilder\AppData\Local\Temp\34c6448537d1c95c89cf73a07c0f99c9.mpf_cache
2019-04-09 19:09:40,296 : DEBUG : ModeController : Loaded mode bottle_filler
2019-04-09 19:09:40,296 : INFO : ConfigProcessor : Loading config from cache: C:\Users\Wilder\AppData\Local\Temp\6fc1a42fdd0d487285862f5b943c745e.mpf_cache
2019-04-09 19:09:40,300 : DEBUG : ModeController : Loaded mode rupee_finder
2019-04-09 19:09:40,300 : INFO : ConfigProcessor : Loading config from cache: C:\Users\Wilder\AppData\Local\Temp\072dbb4c30ca18f53440337aa5cd71bd.mpf_cache
2019-04-09 19:09:40,306 : DEBUG : ModeController : Loaded mode light_world
2019-04-09 19:09:40,307 : INFO : ConfigProcessor : Loading config from cache: C:\Users\Wilder\AppData\Local\Temp\a31feedcb4b85bf76d76fe6a1222bc90.mpf_cache
2019-04-09 19:09:40,311 : DEBUG : ModeController : Loaded mode agahnim_multiball
2019-04-09 19:09:40,311 : INFO : ConfigProcessor : Loading config from cache: C:\Users\Wilder\AppData\Local\Temp\28e1731e516595966b3afcb08910cb63.mpf_cache
2019-04-09 19:09:40,315 : DEBUG : ModeController : Loaded mode heart_tracker
2019-04-09 19:09:40,316 : INFO : ConfigProcessor : Loading config from cache: C:\Users\Wilder\AppData\Local\Temp\6cbeeb809d9de6fbbf2951c4e6867473.mpf_cache
2019-04-09 19:09:40,321 : DEBUG : ModeController : Loaded mode darkworld
2019-04-09 19:09:40,321 : INFO : ConfigProcessor : Loading config from cache: C:\Users\Wilder\AppData\Local\Temp\3485f9bf4bb8d1d21be6de1438e091ba.mpf_cache
2019-04-09 19:09:40,325 : DEBUG : ModeController : Loaded mode skillshot_ballsave
2019-04-09 19:09:40,325 : INFO : ConfigProcessor : Loading config from cache: C:\Users\Wilder\AppData\Local\Temp\96294a9578657f44941f2a8ec647ae36.mpf_cache
2019-04-09 19:09:40,329 : DEBUG : ModeController : Loaded mode rupee3x_finder
2019-04-09 19:09:40,329 : INFO : ConfigProcessor : Loading config from cache: C:\Users\Wilder\AppData\Local\Temp\43a06f52d0e9cf0597140b4c27159d40.mpf_cache
2019-04-09 19:09:40,333 : DEBUG : ModeController : Loaded mode escapehurryup
2019-04-09 19:09:40,333 : INFO : ConfigProcessor : Loading config from cache: C:\Users\Wilder\AppData\Local\Temp\f394a72c4810bb1cc42cac0690a90dcf.mpf_cache
2019-04-09 19:09:40,338 : DEBUG : ModeController : Loaded mode gameoverplayer
2019-04-09 19:09:40,338 : INFO : ConfigProcessor : Loading config from cache: C:\Users\Wilder\AppData\Local\Temp\6eb8b6e4728e10ce756703e43167d298.mpf_cache
2019-04-09 19:09:40,343 : DEBUG : ModeController : Loaded mode rupee2x_finder
2019-04-09 19:09:40,344 : INFO : ConfigProcessor : Loading config from cache: C:\Users\Wilder\AppData\Local\Temp\cb8b20150020107be74f23a2ee427f56.mpf_cache
2019-04-09 19:09:40,351 : DEBUG : ModeController : Loaded mode high_score
2019-04-09 19:09:40,351 : INFO : ConfigProcessor : Loading config from cache: C:\Users\Wilder\AppData\Local\Temp\dbd150f896646081271b7a77a791f2fa.mpf_cache
2019-04-09 19:09:40,355 : DEBUG : ModeController : Loaded mode slide_tracker
2019-04-09 19:09:40,355 : INFO : ConfigProcessor : Loading config from cache: C:\Users\Wilder\AppData\Local\Temp\05768db999abb9e30be16a432a0581c8.mpf_cache
2019-04-09 19:09:40,359 : DEBUG : ModeController : Loaded mode extraball
2019-04-09 19:09:40,359 : INFO : ConfigProcessor : Loading config from cache: C:\Users\Wilder\AppData\Local\Temp\4afc9f23ca6340163a8bb51d7deea78f.mpf_cache
2019-04-09 19:09:40,363 : DEBUG : ModeController : Loaded mode base
2019-04-09 19:09:40,363 : INFO : ConfigProcessor : Loading config from cache: C:\Users\Wilder\AppData\Local\Temp\6fd2b5e36bbbd9c12f9ee3aa32f1ceca.mpf_cache
2019-04-09 19:09:40,367 : DEBUG : ModeController : Loaded mode ball_hold_tracker
2019-04-09 19:09:40,367 : WARNING : ConfigProcessor : Config file in cache changed: C:\Users\Wilder\zelda\modes\skill_shot\config\skill_shot.yaml
2019-04-09 19:09:40,367 : INFO : ConfigProcessor : Loading config from file C:\Users\Wilder\zelda\modes\skill_shot\config\skill_shot.yaml.
2019-04-09 19:09:40,368 : DEBUG : YAML File Interface : Loading file: C:\Users\Wilder\zelda\modes\skill_shot\config\skill_shot.yaml
2019-04-09 19:09:40,401 : INFO : ConfigProcessor : Loading config: C:\Users\Wilder\zelda\modes\skill_shot\config\skill_shot.yaml
2019-04-09 19:09:40,401 : INFO : ConfigProcessor : Config file cache created: C:\Users\Wilder\AppData\Local\Temp\c5e5b78d841dff96974ddb92030af0a9.mpf_cache
2019-04-09 19:09:40,405 : DEBUG : ModeController : Loaded mode skill_shot
2019-04-09 19:09:40,405 : INFO : ConfigProcessor : Loading config from cache: C:\Users\Wilder\AppData\Local\Temp\225554da95d8871f7382aa94a6d6b3eb.mpf_cache
2019-04-09 19:09:40,410 : DEBUG : ModeController : Loaded mode lost_woods_starter
2019-04-09 19:09:40,411 : INFO : ConfigProcessor : Loading config from cache: C:\Users\Wilder\AppData\Local\Temp\dd39e2de39eb354a1ec99be2f3167765.mpf_cache
2019-04-09 19:09:40,415 : DEBUG : ModeController : Loaded mode heartmeter
2019-04-09 19:09:40,415 : INFO : ConfigProcessor : Loading config from cache: C:\Users\Wilder\AppData\Local\Temp\58a9cd5447353eacedab412f1c10b0ab.mpf_cache
2019-04-09 19:09:40,419 : DEBUG : ModeController : Loaded mode lost_woods
2019-04-09 19:09:40,419 : INFO : ConfigProcessor : Loading config from cache: C:\Users\Wilder\AppData\Local\Temp\1f8ff34a8859f8c62d77912f33e29b9c.mpf_cache
2019-04-09 19:09:40,425 : DEBUG : ModeController : Loaded mode 2ballqualifier
2019-04-09 19:09:40,425 : INFO : ConfigProcessor : Loading config from cache: C:\Users\Wilder\AppData\Local\Temp\8b601767b8d464abeaa513b42e6346a8.mpf_cache
2019-04-09 19:09:40,431 : DEBUG : ModeController : Loaded mode master_sword_buildup
2019-04-09 19:09:40,529 : DEBUG : ball_device.bd_drain : Configuring device with settings: '{'ball_switches': [<switch.trough1>], 'eject_coil': <coil.draineject>, 'eject_targets': [<ball_device.bd_trough>], 'eject_timeouts': [1000], 'confirm_eject_type': 'target', 'tags': ['drain'], 'debug': True, 'label': '%', 'console_log': 'full', 'file_log': 'full', 'exit_count_delay': 500, 'entrance_count_delay': 500, 'eject_coil_jam_pulse': None, 'eject_coil_retry_pulse': None, 'eject_coil_reorder_pulse': None, 'eject_coil_max_wait_ms': 200, 'eject_coil_enable_time': [], 'retries_before_increasing_pulse': 4, 'hold_coil': None, 'hold_coil_release_time': 1000, 'hold_events': {}, 'hold_switches': [], 'entrance_switch': None, 'entrance_switch_ignore_window_ms': 0, 'entrance_switch_full_timeout': 0, 'entrance_events': {}, 'entrance_event_timeout': 5.0, 'idle_missing_ball_timeout': 5.0, 'jam_switch': None, 'captures_from': <playfield.playfield>, 'ball_missing_timeouts': [], 'ball_missing_target': <playfield.playfield>, 'confirm_eject_switch': None, 'confirm_eject_event': None, 'max_eject_attempts': 0, 'ball_capacity': None, 'request_ball_events': {}, 'eject_events': {}, 'eject_all_events': {}, 'mechanical_eject': False, 'player_controlled_eject_event': None, 'ball_search_order': 200, 'auto_fire_on_unexpected_ball': True, 'target_on_unexpected_ball': None}'
2019-04-09 19:09:40,530 : DEBUG : ball_device.bd_trough : Configuring device with settings: '{'entrance_switch': <switch.trough2>, 'entrance_switch_full_timeout': 3000, 'ball_capacity': 3, 'eject_coil': <coil.troughrelease>, 'eject_targets': [<ball_device.bd_plunger_lane>], 'confirm_eject_type': 'target', 'tags': ['trough', 'home'], 'debug': True, 'label': '%', 'console_log': 'full', 'file_log': 'full', 'exit_count_delay': 500, 'entrance_count_delay': 500, 'eject_coil_jam_pulse': None, 'eject_coil_retry_pulse': None, 'eject_coil_reorder_pulse': None, 'eject_coil_max_wait_ms': 200, 'eject_coil_enable_time': [], 'retries_before_increasing_pulse': 4, 'hold_coil': None, 'hold_coil_release_time': 1000, 'hold_events': {}, 'hold_switches': [], 'entrance_switch_ignore_window_ms': 0, 'entrance_events': {}, 'entrance_event_timeout': 5.0, 'idle_missing_ball_timeout': 5.0, 'jam_switch': None, 'captures_from': <playfield.playfield>, 'eject_timeouts': [], 'ball_missing_timeouts': [], 'ball_missing_target': <playfield.playfield>, 'confirm_eject_switch': None, 'confirm_eject_event': None, 'max_eject_attempts': 0, 'ball_switches': [], 'request_ball_events': {}, 'eject_events': {}, 'eject_all_events': {}, 'mechanical_eject': False, 'player_controlled_eject_event': None, 'ball_search_order': 200, 'auto_fire_on_unexpected_ball': True, 'target_on_unexpected_ball': None}'
2019-04-09 19:09:40,531 : DEBUG : ball_device.bd_plunger_lane : Configuring device with settings: '{'ball_switches': [<switch.plungerlane>], 'eject_coil': <coil.autoplunger>, 'mechanical_eject': True, 'eject_timeouts': [1000], 'debug': True, 'label': '%', 'tags': [], 'console_log': 'full', 'file_log': 'full', 'exit_count_delay': 500, 'entrance_count_delay': 500, 'eject_coil_jam_pulse': None, 'eject_coil_retry_pulse': None, 'eject_coil_reorder_pulse': None, 'eject_coil_max_wait_ms': 200, 'eject_coil_enable_time': [], 'retries_before_increasing_pulse': 4, 'hold_coil': None, 'hold_coil_release_time': 1000, 'hold_events': {}, 'hold_switches': [], 'entrance_switch': None, 'entrance_switch_ignore_window_ms': 0, 'entrance_switch_full_timeout': 0, 'entrance_events': {}, 'entrance_event_timeout': 5.0, 'idle_missing_ball_timeout': 5.0, 'jam_switch': None, 'confirm_eject_type': 'target', 'captures_from': <playfield.playfield>, 'eject_targets': [<playfield.playfield>], 'ball_missing_timeouts': [], 'ball_missing_target': <playfield.playfield>, 'confirm_eject_switch': None, 'confirm_eject_event': None, 'max_eject_attempts': 0, 'ball_capacity': None, 'request_ball_events': {}, 'eject_events': {}, 'eject_all_events': {}, 'player_controlled_eject_event': None, 'ball_search_order': 200, 'auto_fire_on_unexpected_ball': True, 'target_on_unexpected_ball': None}'
2019-04-09 19:09:40,545 : DEBUG : ball_save.default : Configuring device with settings: '{'active_time': 10000, 'hurry_up_time': 3000, 'grace_period': 3000, 'enable_events': {'mode_base_started': 0}, 'disable_events': {'ball_save_default_saving_ball': 0}, 'timer_start_events': {'start_ballsave': 0}, 'auto_launch': True, 'balls_to_save': 1, 'debug': True, 'label': '%', 'tags': [], 'console_log': 'full', 'file_log': 'full', 'source_playfield': <playfield.playfield>, 'eject_delay': 0, 'only_last_ball': False, 'early_ball_save_events': {}, 'delayed_eject_events': {}}'
2019-04-09 19:09:40,664 : DEBUG : ball_save.skillshot_ballsave : Configuring device with settings: '{'active_time': 25000, 'hurry_up_time': 3000, 'grace_period': 3000, 'enable_events': {'skillshot_heart_award': 0}, 'disable_events': {'ball_save_skillshot_ballsave_saving_ball': 0}, 'timer_start_events': {'skillshot_ballsave_award': 0}, 'auto_launch': True, 'balls_to_save': 1, 'debug': True, 'label': '%', 'tags': [], 'console_log': 'full', 'file_log': 'full', 'source_playfield': <playfield.playfield>, 'eject_delay': 0, 'only_last_ball': False, 'early_ball_save_events': {}, 'delayed_eject_events': {}}'
2019-04-09 19:09:40,704 : ERROR : asyncio : Exception in callback EventManager._async_handler_done(<QueuedEvent>)(<Task finishe...rror above',)>) at c:\users\wilder\appdata\local\programs\python\python36\lib\site-packages\mpf\core\events.py:96
handle: <Handle EventManager._async_handler_done(<QueuedEvent>)(<Task finishe...rror above',)>) at c:\users\wilder\appdata\local\programs\python\python36\lib\site-packages\mpf\core\events.py:96>
Traceback (most recent call last):
  File "c:\users\wilder\appdata\local\programs\python\python36\lib\site-packages\mpf\platforms\fast\fast.py", line 362, in _parse_driver_number
    board_str, driver_str = number.split("-")
ValueError: not enough values to unpack (expected 2, got 1)

During handling of the above exception, another exception occurred:

Traceback (most recent call last):
  File "c:\users\wilder\appdata\local\programs\python\python36\lib\site-packages\mpf\devices\driver.py", line 92, in _initialize
    self.hw_driver = self.platform.configure_driver(config, self.config['number'], platform_settings)
  File "c:\users\wilder\appdata\local\programs\python\python36\lib\site-packages\mpf\platforms\fast\fast.py", line 425, in configure_driver
    number = self._parse_driver_number(number)
  File "c:\users\wilder\appdata\local\programs\python\python36\lib\site-packages\mpf\platforms\fast\fast.py", line 371, in _parse_driver_number
    int(index, 16), total_drivers, number))
AssertionError: Driver 0 does not exist. Only 0 drivers found. Driver number: 0

The above exception was the direct cause of the following exception:

Traceback (most recent call last):
  File "c:\users\wilder\appdata\local\programs\python\python36\lib\asyncio\events.py", line 145, in _run
    self._callback(*self._args)
  File "c:\users\wilder\appdata\local\programs\python\python36\lib\site-packages\mpf\core\events.py", line 99, in _async_handler_done
    future.result()
  File "c:\users\wilder\appdata\local\programs\python\python36\lib\site-packages\mpf\core\device_manager.py", line 117, in _load_device_modules
    yield from self.initialize_devices()
  File "c:\users\wilder\appdata\local\programs\python\python36\lib\site-packages\mpf\core\device_manager.py", line 214, in initialize_devices
    yield from collection[device_name].device_added_system_wide()
  File "c:\users\wilder\appdata\local\programs\python\python36\lib\site-packages\mpf\core\system_wide_device.py", line 17, in device_added_system_wide
    yield from self._initialize()
  File "c:\users\wilder\appdata\local\programs\python\python36\lib\site-packages\mpf\devices\driver.py", line 94, in _initialize
    raise AssertionError("Failed to configure driver {} in platform. See error above".format(self.name)) from e
AssertionError: Failed to configure driver flippertopleftmain in platform. See error above
2019-04-09 19:09:40,754 : INFO : Machine : Starting the main run loop.
2019-04-09 19:09:40,755 : INFO : Machine : Shutting down...
2019-04-09 19:09:40,755 : INFO : EventManager : Event: ======'shutdown'====== Args={}
2019-04-09 19:09:40,759 : DEBUG : ball_device.bd_drain : Stopping ball device
2019-04-09 19:09:40,760 : DEBUG : ball_device.bd_trough : Stopping ball device
2019-04-09 19:09:40,761 : DEBUG : ball_device.bd_plunger_lane : Stopping ball device
2019-04-09 19:09:40,763 : ERROR : FAST : Stop called on serial connection \\.\COM12
2019-04-09 19:09:40,763 : ERROR : FAST : Stop called on serial connection \\.\COM11
2019-04-09 19:09:41,109 : ERROR : root : Failed to configure driver flippertopleftmain in platform. See error above
Traceback (most recent call last):
  File "c:\users\wilder\appdata\local\programs\python\python36\lib\site-packages\mpf\platforms\fast\fast.py", line 362, in _parse_driver_number
    board_str, driver_str = number.split("-")
ValueError: not enough values to unpack (expected 2, got 1)

During handling of the above exception, another exception occurred:

Traceback (most recent call last):
  File "c:\users\wilder\appdata\local\programs\python\python36\lib\site-packages\mpf\devices\driver.py", line 92, in _initialize
    self.hw_driver = self.platform.configure_driver(config, self.config['number'], platform_settings)
  File "c:\users\wilder\appdata\local\programs\python\python36\lib\site-packages\mpf\platforms\fast\fast.py", line 425, in configure_driver
    number = self._parse_driver_number(number)
  File "c:\users\wilder\appdata\local\programs\python\python36\lib\site-packages\mpf\platforms\fast\fast.py", line 371, in _parse_driver_number
    int(index, 16), total_drivers, number))
AssertionError: Driver 0 does not exist. Only 0 drivers found. Driver number: 0

The above exception was the direct cause of the following exception:

Traceback (most recent call last):
  File "c:\users\wilder\appdata\local\programs\python\python36\lib\site-packages\mpf\commands\game.py", line 220, in __init__
    MachineController(mpf_path, machine_path, vars(self.args)).run()
  File "c:\users\wilder\appdata\local\programs\python\python36\lib\site-packages\mpf\core\machine.py", line 709, in run
    self._run_loop()
  File "c:\users\wilder\appdata\local\programs\python\python36\lib\site-packages\mpf\core\machine.py", line 769, in _run_loop
    raise self._exception['exception']
  File "c:\users\wilder\appdata\local\programs\python\python36\lib\asyncio\events.py", line 145, in _run
    self._callback(*self._args)
  File "c:\users\wilder\appdata\local\programs\python\python36\lib\site-packages\mpf\core\events.py", line 99, in _async_handler_done
    future.result()
  File "c:\users\wilder\appdata\local\programs\python\python36\lib\site-packages\mpf\core\device_manager.py", line 117, in _load_device_modules
    yield from self.initialize_devices()
  File "c:\users\wilder\appdata\local\programs\python\python36\lib\site-packages\mpf\core\device_manager.py", line 214, in initialize_devices
    yield from collection[device_name].device_added_system_wide()
  File "c:\users\wilder\appdata\local\programs\python\python36\lib\site-packages\mpf\core\system_wide_device.py", line 17, in device_added_system_wide
    yield from self._initialize()
  File "c:\users\wilder\appdata\local\programs\python\python36\lib\site-packages\mpf\devices\driver.py", line 94, in _initialize
    raise AssertionError("Failed to configure driver {} in platform. See error above".format(self.name)) from e
AssertionError: Failed to configure driver flippertopleftmain in platform. See error above
