2019-05-21 14:01:19,025 : kivy : Factory: 194 symbols loaded
2019-05-21 14:01:19,029 : kivy : Cache: register <kv.lang> with limit=None, timeout=None
2019-05-21 14:01:19,238 : kivy : Cache: register <kv.image> with limit=None, timeout=60
2019-05-21 14:01:19,239 : kivy : Cache: register <kv.atlas> with limit=None, timeout=None
2019-05-21 14:01:19,260 : kivy : Image: Providers: img_tex, img_dds, img_sdl2, img_pil, img_gif (img_ffpyplayer ignored)
2019-05-21 14:01:19,261 : kivy : Cache: register <kv.texture> with limit=1000, timeout=60
2019-05-21 14:01:19,261 : kivy : Cache: register <kv.shader> with limit=1000, timeout=3600
2019-05-21 14:01:19,345 : kivy : VideoGstplayer: Using Gstreamer 1.10.2.0
2019-05-21 14:01:19,346 : kivy : Video: Provider: gstplayer
2019-05-21 14:01:19,433 : kivy : Loading MPF-MC controller
2019-05-21 14:01:19,433 : mpfmc : Mission Pinball Framework Media Controller v0.53.0-dev.0
2019-05-21 14:01:19,434 : mpfmc : Mission Pinball Framework Game Engine v0.53.0-dev.16
2019-05-21 14:01:19,434 : mpfmc : Machine path: C:\Users\Wilder\zelda
2019-05-21 14:01:19,436 : ConfigProcessor : Config file in cache changed: C:\Users\Wilder\zelda\config\config
2019-05-21 14:01:19,436 : ConfigProcessor : Loading config from file c:\users\wilder\appdata\local\programs\python\python36\lib\site-packages\mpfmc\mcconfig.yaml.
2019-05-21 14:01:19,436 : YAML File Interface : Loading file: c:\users\wilder\appdata\local\programs\python\python36\lib\site-packages\mpfmc\mcconfig.yaml
2019-05-21 14:01:19,552 : ConfigProcessor : Loading config: c:\users\wilder\appdata\local\programs\python\python36\lib\site-packages\mpfmc\mcconfig.yaml
2019-05-21 14:01:19,567 : ConfigProcessor : Loading config from file C:\Users\Wilder\zelda\config\config.
2019-05-21 14:01:19,568 : YAML File Interface : Loading file: C:\Users\Wilder\zelda\config\config.yaml
2019-05-21 14:01:19,661 : ConfigProcessor : Loading config: C:\Users\Wilder\zelda\config\config
2019-05-21 14:01:19,661 : YAML File Interface : Loading file: C:\Users\Wilder\zelda\config\hardware.yaml
2019-05-21 14:01:19,903 : ConfigProcessor : Loading config: C:\Users\Wilder\zelda\config\hardware.yaml
2019-05-21 14:01:19,906 : YAML File Interface : Loading file: C:\Users\Wilder\zelda\config\keyboard.yaml
2019-05-21 14:01:19,929 : ConfigProcessor : Loading config: C:\Users\Wilder\zelda\config\keyboard.yaml
2019-05-21 14:01:19,932 : YAML File Interface : Loading file: C:\Users\Wilder\zelda\config\videos.yaml
2019-05-21 14:01:20,018 : ConfigProcessor : Loading config: C:\Users\Wilder\zelda\config\videos.yaml
2019-05-21 14:01:20,026 : ConfigProcessor : Config file cache created: C:\Users\Wilder\AppData\Local\Temp\33abdcfcf65e636611bd498b89cbbd0e.mpf_cache
2019-05-21 14:01:20,027 : mpfmc : Starting clock at 60.0Hz
2019-05-21 14:01:20,044 : kivy : Text: Provider: sdl2
2019-05-21 14:01:20,098 : kivy : Window: Provider: sdl2
2019-05-21 14:01:20,163 : kivy : GL: Using the "OpenGL" graphics system
2019-05-21 14:01:21,380 : kivy : GL: GLEW initialization succeeded
2019-05-21 14:01:21,381 : kivy : GL: available extensions: b'GL_EXT_blend_minmax GL_EXT_blend_subtract GL_EXT_blend_color GL_EXT_abgr GL_EXT_texture3D GL_EXT_clip_volume_hint GL_EXT_compiled_vertex_array GL_SGIS_texture_edge_clamp GL_SGIS_generate_mipmap GL_EXT_draw_range_elements GL_SGIS_texture_lod GL_EXT_rescale_normal GL_EXT_packed_pixels GL_EXT_texture_edge_clamp GL_EXT_separate_specular_color GL_ARB_multitexture GL_EXT_texture_env_combine GL_EXT_bgra GL_EXT_blend_func_separate GL_EXT_secondary_color GL_EXT_fog_coord GL_EXT_texture_env_add GL_ARB_texture_cube_map GL_ARB_transpose_matrix GL_ARB_texture_env_add GL_IBM_texture_mirrored_repeat GL_EXT_multi_draw_arrays GL_NV_blend_square GL_ARB_texture_compression GL_3DFX_texture_compression_FXT1 GL_EXT_texture_filter_anisotropic GL_ARB_texture_border_clamp GL_ARB_point_parameters GL_ARB_texture_env_combine GL_ARB_texture_env_dot3 GL_ARB_texture_env_crossbar GL_EXT_texture_compression_s3tc GL_ARB_shadow GL_ARB_window_pos GL_EXT_shadow_funcs GL_EXT_stencil_wrap GL_ARB_vertex_program GL_EXT_texture_rectangle GL_ARB_fragment_program GL_EXT_stencil_two_side GL_ATI_separate_stencil GL_ARB_vertex_buffer_object GL_EXT_texture_lod_bias GL_ARB_occlusion_query GL_ARB_fragment_shader GL_ARB_shader_objects GL_ARB_shading_language_100 GL_ARB_texture_non_power_of_two GL_ARB_vertex_shader GL_NV_texgen_reflection GL_ARB_point_sprite GL_EXT_blend_equation_separate GL_ARB_depth_texture GL_ARB_texture_rectangle GL_ARB_draw_buffers GL_ARB_color_buffer_float GL_ARB_half_float_pixel GL_ARB_texture_float GL_ARB_pixel_buffer_object GL_EXT_framebuffer_object GL_ARB_draw_instanced GL_ARB_half_float_vertex GL_EXT_draw_buffers2 GL_WIN_swap_hint GL_EXT_texture_sRGB GL_ARB_multisample GL_EXT_packed_float GL_EXT_texture_shared_exponent GL_ARB_texture_rg GL_ARB_texture_compression_rgtc GL_NV_conditional_render GL_EXT_texture_swizzle GL_ARB_framebuffer_sRGB GL_EXT_packed_depth_stencil GL_ARB_depth_buffer_float GL_EXT_transform_feedback GL_EXT_framebuffer_blit GL_EXT_framebuffer_multisample GL_ARB_framebuffer_object GL_EXT_texture_array GL_EXT_texture_integer GL_ARB_map_buffer_range GL_EXT_texture_snorm GL_INTEL_performance_queries GL_ARB_vertex_array_object '
2019-05-21 14:01:21,382 : kivy : GL: glShaderBinary is not available
2019-05-21 14:01:21,382 : kivy : GL: Backend used <glew>
2019-05-21 14:01:21,382 : kivy : GL: OpenGL version <b'3.0.0 - Build 8.15.10.2342'>
2019-05-21 14:01:21,382 : kivy : GL: OpenGL vendor <b'Intel'>
2019-05-21 14:01:21,382 : kivy : GL: OpenGL renderer <b'Intel(R) HD Graphics Family'>
2019-05-21 14:01:21,382 : kivy : GL: OpenGL parsed version: 3, 0
2019-05-21 14:01:21,383 : kivy : GL: Shading version <b'1.30  - Intel Build 8.15.10.2342'>
2019-05-21 14:01:21,383 : kivy : GL: Texture max size <4096>
2019-05-21 14:01:21,383 : kivy : GL: Texture max units <16>
2019-05-21 14:01:21,445 : kivy : Shader: Fragment compiled successfully
2019-05-21 14:01:21,446 : kivy : Shader: Vertex compiled successfully
2019-05-21 14:01:21,506 : kivy : ImageSDL2: Load <c:\users\wilder\appdata\local\programs\python\python36\lib\site-packages\kivy\data\glsl\default.png>
2019-05-21 14:01:21,522 : kivy : Window: auto add sdl2 input provider
2019-05-21 14:01:21,523 : kivy : Window: virtual keyboard not allowed, single mode, not docked
2019-05-21 14:01:21,539 : mpfmc : Machine path: C:\Users\Wilder\zelda
2019-05-21 14:01:21,539 : kivy : Resource: add <C:\Users\Wilder\zelda\fonts> in path list
2019-05-21 14:01:21,540 : kivy : Resource: add <c:\users\wilder\appdata\local\programs\python\python36\lib\site-packages\mpfmc\fonts> in path list
2019-05-21 14:01:21,540 : SoundSystem : Loading the Sound System
2019-05-21 14:01:22,025 : AudioInterface : Initialized
2019-05-21 14:01:22,025 : AudioInterface : Loaded SDL 2.0.5
2019-05-21 14:01:22,025 : AudioInterface : Loaded SDL_Mixer 2.0.1
2019-05-21 14:01:22,025 : AudioInterface : Loaded GStreamer 1.10.2.0
2019-05-21 14:01:22,025 : AudioInterface : Loaded GLib 2.48.1
2019-05-21 14:01:22,025 : AudioInterface : Settings requested - rate: 44100, channels: 1, buffer: 2048 samples
2019-05-21 14:01:22,025 : AudioInterface : Settings in use - rate: 44100, channels: 1, buffer: 2048 samples (4096 bytes @ 2 bytes per sample)
2019-05-21 14:01:22,025 : Track : Allocated track audio buffer (4096 bytes)
2019-05-21 14:01:22,026 : Track.0.TrackStandard.music : Created Track 0 music with the following settings: simultaneous_sounds = 3, volume = 0.500000
2019-05-21 14:01:22,026 : AudioInterface : The 'music' standard track has successfully been created.
2019-05-21 14:01:22,026 : Track : Allocated track audio buffer (4096 bytes)
2019-05-21 14:01:22,027 : Track.1.TrackStandard.voice : Created Track 1 voice with the following settings: simultaneous_sounds = 1, volume = 0.700000
2019-05-21 14:01:22,027 : AudioInterface : The 'voice' standard track has successfully been created.
2019-05-21 14:01:22,027 : Track : Allocated track audio buffer (4096 bytes)
2019-05-21 14:01:22,027 : Track.2.TrackStandard.sfx : Created Track 2 sfx with the following settings: simultaneous_sounds = 8, volume = 0.900000
2019-05-21 14:01:22,027 : AudioInterface : The 'sfx' standard track has successfully been created.
2019-05-21 14:01:22,027 : AudioInterface : Enabling audio playback
2019-05-21 14:01:22,029 : kivy : App: Loading kv <c:\users\wilder\appdata\local\programs\python\python36\lib\site-packages\mpfmc\core\mpfmc.kv>
2019-05-21 14:01:22,030 : kivy : App: kv <c:\users\wilder\appdata\local\programs\python\python36\lib\site-packages\mpfmc\core\mpfmc.kv> not found
2019-05-21 14:01:22,031 : kivy : Base: Create provider from mouse,multitouch_on_demand
2019-05-21 14:01:22,031 : kivy : Base: Create provider from wm_touch
2019-05-21 14:01:22,031 : kivy : Base: Create provider from wm_pen
2019-05-21 14:01:22,031 : kivy : Base: Start application main loop
2019-05-21 14:01:22,032 : EventManager : Event: ======'display_lcd_initialized'====== Args={}
2019-05-21 14:01:22,046 : mpfmc : Display: Setting 'lcd' as default display
2019-05-21 14:01:22,056 : EventManager : Event: ======'displays_initialized'====== Args={}
2019-05-21 14:01:22,057 : EventManager : Event: ======'slide_lcd_blank_created'====== Args={}
2019-05-21 14:01:22,058 : EventManager : Event: ======'display_lcd_ready'====== Args={}
2019-05-21 14:01:22,071 : EventManager : Event: ======'init_phase_1'====== Args={}
2019-05-21 14:01:22,112 : EventManager : Event: ======'mc_ready'====== Args={}
2019-05-21 14:01:22,112 : EventManager : Event: ======'init_phase_2'====== Args={}
2019-05-21 14:01:22,114 : ModeController : Found MPF Mode folders: {'attract': 'attract', 'bonus': 'bonus', 'carousel': 'carousel', 'credits': 'credits', 'game': 'game', 'high_score': 'high_score', 'match': 'match', 'service': 'service', 'tilt': 'tilt'}
2019-05-21 14:01:22,119 : ModeController : Found Machine-specific Mode folders: {'2ballescape': '2ballescape', '2ballqualifier': '2ballqualifier', '5waycombotracker': '5waycombotracker', 'agahnim_multiball': 'agahnim_multiball', 'attract': 'attract', 'attract_carousel': 'attract_carousel', 'ball_hold_tracker': 'ball_hold_tracker', 'ball_save': 'ball_save', 'base': 'base', 'bomb_finder': 'bomb_finder', 'bonus': 'bonus', 'bottle_filler': 'bottle_filler', 'darkworld': 'darkworld', 'darkworld2': 'darkworld2', 'escape': 'escape', 'escapehurryup': 'escapehurryup', 'escape_starter': 'escape_starter', 'extraball': 'extraball', 'final_hold': 'final_hold', 'gameoverplayer': 'gameoverplayer', 'game_ender_mode': 'game_ender_mode', 'ganon_battle': 'ganon_battle', 'heartmeter': 'heartmeter', 'heart_tracker': 'heart_tracker', 'high_score': 'high_score', 'item_tracker': 'item_tracker', 'light_world': 'light_world', 'lost_woods': 'lost_woods', 'lost_woods_starter': 'lost_woods_starter', 'master_sword_buildup': 'master_sword_buildup', 'mode_player': 'mode_player', 'mode_tracker': 'mode_tracker', 'music_player': 'music_player', 'playfield_multiplier': 'playfield_multiplier', 'rupee2x_finder': 'rupee2x_finder', 'rupee3x_finder': 'rupee3x_finder', 'rupee_finder': 'rupee_finder', 'shop': 'shop', 'shots': 'shots', 'skillshot_ballsave': 'skillshot_ballsave', 'skill_shot': 'skill_shot', 'slide_tracker': 'slide_tracker', 'unusual_show_tracker': 'unusual_show_tracker', 'video_player': 'video_player'}
2019-05-21 14:01:22,120 : ConfigProcessor : Loading config from cache: C:\Users\Wilder\AppData\Local\Temp\696ab9654b1d369e3597af15c079ad3b.mpf_cache
2019-05-21 14:01:22,121 : ConfigProcessor : Loading config from cache: C:\Users\Wilder\AppData\Local\Temp\da675f6b180b79eecb40cb5eb7f75a18.mpf_cache
2019-05-21 14:01:22,122 : ConfigProcessor : Loading config from cache: C:\Users\Wilder\AppData\Local\Temp\683810c84ecff8b3923f4991066156d6.mpf_cache
2019-05-21 14:01:22,123 : ConfigProcessor : Loading config from cache: C:\Users\Wilder\AppData\Local\Temp\6cbeeb809d9de6fbbf2951c4e6867473.mpf_cache
2019-05-21 14:01:22,125 : ConfigProcessor : Loading config from cache: C:\Users\Wilder\AppData\Local\Temp\f394a72c4810bb1cc42cac0690a90dcf.mpf_cache
2019-05-21 14:01:22,128 : ConfigProcessor : Loading config from cache: C:\Users\Wilder\AppData\Local\Temp\6caaa2c03f737135abd403644138525e.mpf_cache
2019-05-21 14:01:22,271 : ConfigProcessor : Loading config from cache: C:\Users\Wilder\AppData\Local\Temp\96294a9578657f44941f2a8ec647ae36.mpf_cache
2019-05-21 14:01:22,272 : ConfigProcessor : Loading config from cache: C:\Users\Wilder\AppData\Local\Temp\1f8ff34a8859f8c62d77912f33e29b9c.mpf_cache
2019-05-21 14:01:22,274 : ConfigProcessor : Loading config from cache: C:\Users\Wilder\AppData\Local\Temp\6eb8b6e4728e10ce756703e43167d298.mpf_cache
2019-05-21 14:01:22,276 : ConfigProcessor : Loading config from cache: C:\Users\Wilder\AppData\Local\Temp\562f2c62ffb495bc414930beede29530.mpf_cache
2019-05-21 14:01:22,277 : ConfigProcessor : Loading config from cache: C:\Users\Wilder\AppData\Local\Temp\58a9cd5447353eacedab412f1c10b0ab.mpf_cache
2019-05-21 14:01:22,279 : ConfigProcessor : Loading config from cache: C:\Users\Wilder\AppData\Local\Temp\6fc1a42fdd0d487285862f5b943c745e.mpf_cache
2019-05-21 14:01:22,280 : ConfigProcessor : Loading config from cache: C:\Users\Wilder\AppData\Local\Temp\a31feedcb4b85bf76d76fe6a1222bc90.mpf_cache
2019-05-21 14:01:22,283 : ConfigProcessor : Loading config from cache: C:\Users\Wilder\AppData\Local\Temp\cb8b20150020107be74f23a2ee427f56.mpf_cache
2019-05-21 14:01:22,328 : ConfigProcessor : Loading config from cache: C:\Users\Wilder\AppData\Local\Temp\43a06f52d0e9cf0597140b4c27159d40.mpf_cache
2019-05-21 14:01:22,329 : ConfigProcessor : Loading config from cache: C:\Users\Wilder\AppData\Local\Temp\225554da95d8871f7382aa94a6d6b3eb.mpf_cache
2019-05-21 14:01:22,330 : ConfigProcessor : Loading config from cache: C:\Users\Wilder\AppData\Local\Temp\072dbb4c30ca18f53440337aa5cd71bd.mpf_cache
2019-05-21 14:01:22,332 : ConfigProcessor : Loading config from cache: C:\Users\Wilder\AppData\Local\Temp\aecceeb5afbfdc7257044e8417ebcf98.mpf_cache
2019-05-21 14:01:22,415 : ConfigProcessor : Loading config from cache: C:\Users\Wilder\AppData\Local\Temp\28e1731e516595966b3afcb08910cb63.mpf_cache
2019-05-21 14:01:22,417 : ConfigProcessor : Loading config from cache: C:\Users\Wilder\AppData\Local\Temp\c5e5b78d841dff96974ddb92030af0a9.mpf_cache
2019-05-21 14:01:22,419 : ConfigProcessor : Loading config from cache: C:\Users\Wilder\AppData\Local\Temp\05768db999abb9e30be16a432a0581c8.mpf_cache
2019-05-21 14:01:22,420 : ConfigProcessor : Loading config from cache: C:\Users\Wilder\AppData\Local\Temp\8b601767b8d464abeaa513b42e6346a8.mpf_cache
2019-05-21 14:01:22,421 : ConfigProcessor : Loading config from cache: C:\Users\Wilder\AppData\Local\Temp\4afc9f23ca6340163a8bb51d7deea78f.mpf_cache
2019-05-21 14:01:22,486 : ConfigProcessor : Loading config from cache: C:\Users\Wilder\AppData\Local\Temp\b0ee6a771658ae3fb7e70c6d5ff59887.mpf_cache
2019-05-21 14:01:22,487 : ConfigProcessor : Loading config from cache: C:\Users\Wilder\AppData\Local\Temp\dd39e2de39eb354a1ec99be2f3167765.mpf_cache
2019-05-21 14:01:22,489 : ConfigProcessor : Loading config from cache: C:\Users\Wilder\AppData\Local\Temp\410e2f069e995e601a053ae1f865a8d9.mpf_cache
2019-05-21 14:01:22,504 : ConfigProcessor : Loading config from cache: C:\Users\Wilder\AppData\Local\Temp\d9d23a2a9a3117f1553491692ff1c689.mpf_cache
2019-05-21 14:01:22,505 : ConfigProcessor : Loading config from cache: C:\Users\Wilder\AppData\Local\Temp\3485f9bf4bb8d1d21be6de1438e091ba.mpf_cache
2019-05-21 14:01:22,506 : ConfigProcessor : Config file in cache changed: C:\Users\Wilder\zelda\modes\bottle_filler\config\bottle_filler.yaml
2019-05-21 14:01:22,506 : ConfigProcessor : Loading config from file C:\Users\Wilder\zelda\modes\bottle_filler\config\bottle_filler.yaml.
2019-05-21 14:01:22,506 : YAML File Interface : Loading file: C:\Users\Wilder\zelda\modes\bottle_filler\config\bottle_filler.yaml
2019-05-21 14:01:22,591 : kivy : Base: Leaving application in progress...
2019-05-21 14:01:22,591 : kivy : Exception while processing RegisteredHandler(callback=<bound method ModeController._load_modes of <mpfmc.core.mode_controller.ModeController object at 0x0000000004F434A8>>, priority=1, kwargs={}, key=UUID('b5acf8d9-e465-4a7c-be10-6385d5a7c0fe'), condition=None, blocking_facility=None) for event init_phase_2
Traceback (most recent call last):
  File "c:\users\wilder\appdata\local\programs\python\python36\lib\site-packages\mpf\file_interfaces\yaml_interface.py", line 198, in load
    config = self.process(f)
  File "c:\users\wilder\appdata\local\programs\python\python36\lib\site-packages\mpf\file_interfaces\yaml_interface.py", line 224, in process
    return yaml.load(data_string, Loader=MpfLoader)
  File "c:\users\wilder\appdata\local\programs\python\python36\lib\site-packages\ruamel\yaml\main.py", line 639, in load
    return loader._constructor.get_single_data()  # type: ignore
  File "c:\users\wilder\appdata\local\programs\python\python36\lib\site-packages\ruamel\yaml\constructor.py", line 102, in get_single_data
    node = self.composer.get_single_node()
  File "c:\users\wilder\appdata\local\programs\python\python36\lib\site-packages\ruamel\yaml\composer.py", line 75, in get_single_node
    document = self.compose_document()
  File "c:\users\wilder\appdata\local\programs\python\python36\lib\site-packages\ruamel\yaml\composer.py", line 96, in compose_document
    node = self.compose_node(None, None)
  File "c:\users\wilder\appdata\local\programs\python\python36\lib\site-packages\ruamel\yaml\composer.py", line 132, in compose_node
    node = self.compose_mapping_node(anchor)
  File "c:\users\wilder\appdata\local\programs\python\python36\lib\site-packages\ruamel\yaml\composer.py", line 194, in compose_mapping_node
    item_value = self.compose_node(node, item_key)
  File "c:\users\wilder\appdata\local\programs\python\python36\lib\site-packages\ruamel\yaml\composer.py", line 132, in compose_node
    node = self.compose_mapping_node(anchor)
  File "c:\users\wilder\appdata\local\programs\python\python36\lib\site-packages\ruamel\yaml\composer.py", line 194, in compose_mapping_node
    item_value = self.compose_node(node, item_key)
  File "c:\users\wilder\appdata\local\programs\python\python36\lib\site-packages\ruamel\yaml\composer.py", line 132, in compose_node
    node = self.compose_mapping_node(anchor)
  File "c:\users\wilder\appdata\local\programs\python\python36\lib\site-packages\ruamel\yaml\composer.py", line 187, in compose_mapping_node
    while not self.parser.check_event(MappingEndEvent):
  File "c:\users\wilder\appdata\local\programs\python\python36\lib\site-packages\ruamel\yaml\parser.py", line 144, in check_event
    self.current_event = self.state()
  File "c:\users\wilder\appdata\local\programs\python\python36\lib\site-packages\ruamel\yaml\parser.py", line 547, in parse_block_mapping_key
    if self.scanner.check_token(KeyToken):
  File "c:\users\wilder\appdata\local\programs\python\python36\lib\site-packages\ruamel\yaml\scanner.py", line 160, in check_token
    self.fetch_more_tokens()
  File "c:\users\wilder\appdata\local\programs\python\python36\lib\site-packages\ruamel\yaml\scanner.py", line 273, in fetch_more_tokens
    return self.fetch_value()
  File "c:\users\wilder\appdata\local\programs\python\python36\lib\site-packages\ruamel\yaml\scanner.py", line 626, in fetch_value
    self.reader.get_mark())
ruamel.yaml.scanner.ScannerError: mapping values are not allowed here
  in "C:\Users\Wilder\zelda\modes\bottle_filler\config\bottle_filler.yaml", line 198, column 13

During handling of the above exception, another exception occurred:

Traceback (most recent call last):
  File "c:\users\wilder\appdata\local\programs\python\python36\lib\site-packages\mpf\core\events.py", line 657, in _run_handlers
    result = handler.callback(**merged_kwargs)
  File "c:\users\wilder\appdata\local\programs\python\python36\lib\site-packages\mpfmc\core\mode_controller.py", line 59, in _load_modes
    self.mc.modes[mode] = self._load_mode(mode)
  File "c:\users\wilder\appdata\local\programs\python\python36\lib\site-packages\mpfmc\core\mode_controller.py", line 132, in _load_mode
    store_to_cache=self.mc.options['create_config_cache'], ignore_unknown_sections=True)
  File "c:\users\wilder\appdata\local\programs\python\python36\lib\site-packages\mpf\core\config_processor.py", line 112, in load_config_files_with_cache
    ignore_unknown_sections)
  File "c:\users\wilder\appdata\local\programs\python\python36\lib\site-packages\mpf\core\config_processor.py", line 132, in _load_config_file_and_return_loaded_files
    config = FileManager.load(filename, expected_version_str, True)
  File "c:\users\wilder\appdata\local\programs\python\python36\lib\site-packages\mpf\core\file_manager.py", line 99, in load
    return interface.load(file, verify_version, halt_on_error)
  File "c:\users\wilder\appdata\local\programs\python\python36\lib\site-packages\mpf\file_interfaces\yaml_interface.py", line 205, in load
    raise ValueError(msg)
ValueError: YAML error found in file C:\Users\Wilder\zelda\modes\bottle_filler\config\bottle_filler.yaml. Line 198,Position 13: mapping values are not allowed here
  in "C:\Users\Wilder\zelda\modes\bottle_filler\config\bottle_filler.yaml", line 198, column 13

The above exception was the direct cause of the following exception:

Traceback (most recent call last):
  File "c:\users\wilder\appdata\local\programs\python\python36\lib\site-packages\mpfmc\commands\mc.py", line 209, in __init__
    thread_stopper=thread_stopper).run()
  File "c:\users\wilder\appdata\local\programs\python\python36\lib\site-packages\kivy\app.py", line 826, in run
    runTouchApp()
  File "c:\users\wilder\appdata\local\programs\python\python36\lib\site-packages\kivy\base.py", line 502, in runTouchApp
    EventLoop.window.mainloop()
  File "c:\users\wilder\appdata\local\programs\python\python36\lib\site-packages\kivy\core\window\window_sdl2.py", line 727, in mainloop
    self._mainloop()
  File "c:\users\wilder\appdata\local\programs\python\python36\lib\site-packages\kivy\core\window\window_sdl2.py", line 460, in _mainloop
    EventLoop.idle()
  File "c:\users\wilder\appdata\local\programs\python\python36\lib\site-packages\kivy\base.py", line 337, in idle
    Clock.tick()
  File "c:\users\wilder\appdata\local\programs\python\python36\lib\site-packages\kivy\clock.py", line 581, in tick
    self._process_events()
  File "kivy\_clock.pyx", line 384, in kivy._clock.CyClockBase._process_events
  File "kivy\_clock.pyx", line 414, in kivy._clock.CyClockBase._process_events
  File "kivy\_clock.pyx", line 412, in kivy._clock.CyClockBase._process_events
  File "kivy\_clock.pyx", line 167, in kivy._clock.ClockEvent.tick
  File "c:\users\wilder\appdata\local\programs\python\python36\lib\site-packages\mpfmc\uix\display.py", line 200, in _displays_initialized
    self.mc.displays_initialized()
  File "c:\users\wilder\appdata\local\programs\python\python36\lib\site-packages\mpfmc\core\mc.py", line 336, in displays_initialized
    self._init()
  File "c:\users\wilder\appdata\local\programs\python\python36\lib\site-packages\mpfmc\core\mc.py", line 380, in _init
    self.events.process_event_queue()
  File "c:\users\wilder\appdata\local\programs\python\python36\lib\site-packages\mpf\core\events.py", line 738, in process_event_queue
    **event[3])
  File "c:\users\wilder\appdata\local\programs\python\python36\lib\site-packages\mpf\core\events.py", line 703, in _process_event
    result = self._run_handlers(event, ev_type, kwargs)
  File "c:\users\wilder\appdata\local\programs\python\python36\lib\site-packages\mpf\core\events.py", line 659, in _run_handlers
    raise Exception("Exception while processing {} for event {}".format(handler, event)) from e
Exception: Exception while processing RegisteredHandler(callback=<bound method ModeController._load_modes of <mpfmc.core.mode_controller.ModeController object at 0x0000000004F434A8>>, priority=1, kwargs={}, key=UUID('b5acf8d9-e465-4a7c-be10-6385d5a7c0fe'), condition=None, blocking_facility=None) for event init_phase_2
2019-05-21 14:01:22,649 : kivy : Stopping child threads... (1 remaining)
2019-05-21 14:01:23,049 : kivy : All child threads stopped.
